#
# There is insufficient memory for the Java Runtime Environment to continue.
# Native memory allocation (mmap) failed to map 124436480 bytes for committing reserved memory.
# Possible reasons:
#   The system is out of physical RAM or swap space
#   In 32 bit mode, the process size limit was hit
# Possible solutions:
#   Reduce memory load on the system
#   Increase physical memory or swap space
#   Check if swap backing store is full
#   Use 64 bit Java on a 64 bit OS
#   Decrease Java heap size (-Xmx/-Xms)
#   Decrease number of Java threads
#   Decrease Java thread stack sizes (-Xss)
#   Set larger code cache with -XX:ReservedCodeCacheSize=
# This output file may be truncated or incomplete.
#
#  Out of Memory Error (os_linux.cpp:2630), pid=28052, tid=139895837943552
#
# JRE version: OpenJDK Runtime Environment (8.0_91-b14) (build 1.8.0_91-8u91-b14-3ubuntu1~16.04.1-b14)
# Java VM: OpenJDK 64-Bit Server VM (25.91-b14 mixed mode linux-amd64 compressed oops)
# Failed to write core dump. Core dumps have been disabled. To enable core dumping, try "ulimit -c unlimited" before starting Java again
#

---------------  T H R E A D  ---------------

Current thread (0x00007f3c04079800):  VMThread [stack: 0x00007f3c09a9e000,0x00007f3c09b9f000] [id=28067]

Stack: [0x00007f3c09a9e000,0x00007f3c09b9f000],  sp=0x00007f3c09b9d510,  free space=1021k
Native frames: (J=compiled Java code, j=interpreted, Vv=VM code, C=native code)
V  [libjvm.so+0xa5de1b]
V  [libjvm.so+0x4c178c]
V  [libjvm.so+0x8ae9d0]
V  [libjvm.so+0x8a8e4e]
V  [libjvm.so+0xa5a714]
V  [libjvm.so+0x5c6b90]
V  [libjvm.so+0x5c690e]
V  [libjvm.so+0x5b3198]
V  [libjvm.so+0x4496af]
V  [libjvm.so+0xa5ef21]
V  [libjvm.so+0xa64b57]
V  [libjvm.so+0xa62327]
V  [libjvm.so+0xa637af]
V  [libjvm.so+0xa63ca1]
V  [libjvm.so+0x8abeb2]

VM_Operation (0x00007f3bef5e74c0): GenCollectForAllocation, mode: safepoint, requested by thread 0x00007f3bf01b2800


---------------  P R O C E S S  ---------------

Java Threads: ( => current thread )
  0x00007f3bf01b2800 JavaThread "ResponseProcessor for block BP-1572024430-127.0.1.1-1475815341784:blk_1073741829_1005" daemon [_thread_blocked, id=28089, stack(0x00007f3bef4e8000,0x00007f3bef5e9000)]
  0x00007f3c04a88000 JavaThread "DataStreamer for file /user/ahmed/tmp/tmp-516980167/tmp-1871488522 block BP-1572024430-127.0.1.1-1475815341784:blk_1073741829_1005" daemon [_thread_blocked, id=28086, stack(0x00007f3bef5e9000,0x00007f3bef6ea000)]
  0x00007f3c05156800 JavaThread "LeaseRenewer:ahmed@localhost:9000" daemon [_thread_blocked, id=28081, stack(0x00007f3bef6ea000,0x00007f3bef7eb000)]
  0x00007f3c05154800 JavaThread "Thread-4" daemon [_thread_blocked, id=28080, stack(0x00007f3bef7eb000,0x00007f3bef8ec000)]
  0x00007f3c05109800 JavaThread "IPC Parameter Sending Thread #0" daemon [_thread_blocked, id=28079, stack(0x00007f3befaec000,0x00007f3befbed000)]
  0x00007f3c05108000 JavaThread "IPC Client (879583678) connection to localhost/127.0.0.1:9000 from ahmed" daemon [_thread_blocked, id=28078, stack(0x00007f3c080c0000,0x00007f3c081c1000)]
  0x00007f3c04cdc800 JavaThread "process reaper" daemon [_thread_blocked, id=28076, stack(0x00007f3c081c1000,0x00007f3c081fa000)]
  0x00007f3c040b5000 JavaThread "Service Thread" daemon [_thread_blocked, id=28073, stack(0x00007f3c08ad9000,0x00007f3c08bda000)]
  0x00007f3c040b1800 JavaThread "C1 CompilerThread1" daemon [_thread_blocked, id=28072, stack(0x00007f3c08bda000,0x00007f3c08cdb000)]
  0x00007f3c040af800 JavaThread "C2 CompilerThread0" daemon [_thread_blocked, id=28071, stack(0x00007f3c08cdb000,0x00007f3c08ddc000)]
  0x00007f3c040ad800 JavaThread "Signal Dispatcher" daemon [_thread_blocked, id=28070, stack(0x00007f3c08ddc000,0x00007f3c08edd000)]
  0x00007f3c04086000 JavaThread "Finalizer" daemon [_thread_blocked, id=28069, stack(0x00007f3c0989c000,0x00007f3c0999d000)]
  0x00007f3c04081800 JavaThread "Reference Handler" daemon [_thread_blocked, id=28068, stack(0x00007f3c0999d000,0x00007f3c09a9e000)]
  0x00007f3c04015800 JavaThread "main" [_thread_blocked, id=28066, stack(0x00007f3c0e0c9000,0x00007f3c0e1ca000)]

Other Threads:
=>0x00007f3c04079800 VMThread [stack: 0x00007f3c09a9e000,0x00007f3c09b9f000] [id=28067]
  0x00007f3c040d7000 WatcherThread [stack: 0x00007f3c089d8000,0x00007f3c08ad9000] [id=28074]

VM state:at safepoint (normal execution)

VM Mutex/Monitor currently owned by a thread:  ([mutex/lock_event])
[0x00007f3c04011f20] Threads_lock - owner thread: 0x00007f3c04079800
[0x00007f3c04012420] Heap_lock - owner thread: 0x00007f3bf01b2800

Heap:
 def new generation   total 81472K, used 0K [0x00000000e0000000, 0x00000000e5860000, 0x00000000eaaa0000)
  eden space 72448K,   0% used [0x00000000e0000000, 0x00000000e0000000, 0x00000000e46c0000)
  from space 9024K,   0% used [0x00000000e46c0000, 0x00000000e46c0000, 0x00000000e4f90000)
  to   space 9024K,   0% used [0x00000000e4f90000, 0x00000000e4f90000, 0x00000000e5860000)
 tenured generation   total 183596K, used 183069K [0x00000000eaaa0000, 0x00000000f5deb000, 0x0000000100000000)
   the space 183596K,  99% used [0x00000000eaaa0000, 0x00000000f5d675b0, 0x00000000f5d67600, 0x00000000f5deb000)
 Metaspace       used 19730K, capacity 19950K, committed 20352K, reserved 1067008K
  class space    used 2230K, capacity 2313K, committed 2432K, reserved 1048576K

Card table byte_map: [0x00007f3c0a68b000,0x00007f3c0a78c000] byte_map_base: 0x00007f3c09f8b000

Polling page: 0x00007f3c0e1e4000

CodeCache: size=245760Kb used=5400Kb max_used=5803Kb free=240359Kb
 bounds [0x00007f3bf5000000, 0x00007f3bf55c0000, 0x00007f3c04000000]
 total_blobs=2068 nmethods=1662 adapters=321
 compilation: enabled

Compilation events (10 events):
Event: 13.525 Thread 0x00007f3c040af800 1806   !   4       java.io.BufferedWriter::flushBuffer (53 bytes)
Event: 13.529 Thread 0x00007f3c040af800 nmethod 1806 0x00007f3bf51c9910 code [0x00007f3bf51c9a80, 0x00007f3bf51c9f28]
Event: 13.540 Thread 0x00007f3c040af800 1807       4       org.apache.hadoop.fs.FSDataOutputStream$PositionCache::write (38 bytes)
Event: 13.564 Thread 0x00007f3c040af800 nmethod 1807 0x00007f3bf52a1250 code [0x00007f3bf52a1420, 0x00007f3bf52a1da8]
Event: 14.099 Thread 0x00007f3c040af800 1808       4       org.apache.hadoop.util.Time::monotonicNow (12 bytes)
Event: 14.108 Thread 0x00007f3c040af800 nmethod 1808 0x00007f3bf5120410 code [0x00007f3bf5120540, 0x00007f3bf51205b8]
Event: 14.562 Thread 0x00007f3c040af800 1809       4       org.apache.log4j.Category::getEffectiveLevel (28 bytes)
Event: 14.563 Thread 0x00007f3c040af800 nmethod 1809 0x00007f3bf54de0d0 code [0x00007f3bf54de220, 0x00007f3bf54de2b8]
Event: 14.716 Thread 0x00007f3c040af800 1810       4       com.google.protobuf.CodedInputStream::readTag (41 bytes)
Event: 14.760 Thread 0x00007f3c040af800 nmethod 1810 0x00007f3bf511ad90 code [0x00007f3bf511af60, 0x00007f3bf511b490]

GC Heap History (10 events):
Event: 13.899 GC heap after
Heap after GC invocations=61 (full 5):
 def new generation   total 81472K, used 9023K [0x00000000e0000000, 0x00000000e5860000, 0x00000000eaaa0000)
  eden space 72448K,   0% used [0x00000000e0000000, 0x00000000e0000000, 0x00000000e46c0000)
  from space 9024K,  99% used [0x00000000e4f90000, 0x00000000e585fff8, 0x00000000e5860000)
  to   space 9024K,   0% used [0x00000000e46c0000, 0x00000000e46c0000, 0x00000000e4f90000)
 tenured generation   total 180908K, used 94966K [0x00000000eaaa0000, 0x00000000f5b4b000, 0x0000000100000000)
   the space 180908K,  52% used [0x00000000eaaa0000, 0x00000000f075db70, 0x00000000f075dc00, 0x00000000f5b4b000)
 Metaspace       used 19730K, capacity 19950K, committed 20352K, reserved 1067008K
  class space    used 2230K, capacity 2313K, committed 2432K, reserved 1048576K
}
Event: 14.351 GC heap before
{Heap before GC invocations=61 (full 5):
 def new generation   total 81472K, used 81471K [0x00000000e0000000, 0x00000000e5860000, 0x00000000eaaa0000)
  eden space 72448K, 100% used [0x00000000e0000000, 0x00000000e46c0000, 0x00000000e46c0000)
  from space 9024K,  99% used [0x00000000e4f90000, 0x00000000e585fff8, 0x00000000e5860000)
  to   space 9024K,   0% used [0x00000000e46c0000, 0x00000000e46c0000, 0x00000000e4f90000)
 tenured generation   total 180908K, used 94966K [0x00000000eaaa0000, 0x00000000f5b4b000, 0x0000000100000000)
   the space 180908K,  52% used [0x00000000eaaa0000, 0x00000000f075db70, 0x00000000f075dc00, 0x00000000f5b4b000)
 Metaspace       used 19730K, capacity 19950K, committed 20352K, reserved 1067008K
  class space    used 2230K, capacity 2313K, committed 2432K, reserved 1048576K
Event: 14.527 GC heap after
Heap after GC invocations=62 (full 5):
 def new generation   total 81472K, used 9024K [0x00000000e0000000, 0x00000000e5860000, 0x00000000eaaa0000)
  eden space 72448K,   0% used [0x00000000e0000000, 0x00000000e0000000, 0x00000000e46c0000)
  from space 9024K, 100% used [0x00000000e46c0000, 0x00000000e4f90000, 0x00000000e4f90000)
  to   space 9024K,   0% used [0x00000000e4f90000, 0x00000000e4f90000, 0x00000000e5860000)
 tenured generation   total 180908K, used 110158K [0x00000000eaaa0000, 0x00000000f5b4b000, 0x0000000100000000)
   the space 180908K,  60% used [0x00000000eaaa0000, 0x00000000f16338f0, 0x00000000f1633a00, 0x00000000f5b4b000)
 Metaspace       used 19730K, capacity 19950K, committed 20352K, reserved 1067008K
  class space    used 2230K, capacity 2313K, committed 2432K, reserved 1048576K
}
Event: 14.791 GC heap before
{Heap before GC invocations=62 (full 5):
 def new generation   total 81472K, used 81472K [0x00000000e0000000, 0x00000000e5860000, 0x00000000eaaa0000)
  eden space 72448K, 100% used [0x00000000e0000000, 0x00000000e46c0000, 0x00000000e46c0000)
  from space 9024K, 100% used [0x00000000e46c0000, 0x00000000e4f90000, 0x00000000e4f90000)
  to   space 9024K,   0% used [0x00000000e4f90000, 0x00000000e4f90000, 0x00000000e5860000)
 tenured generation   total 180908K, used 110158K [0x00000000eaaa0000, 0x00000000f5b4b000, 0x0000000100000000)
   the space 180908K,  60% used [0x00000000eaaa0000, 0x00000000f16338f0, 0x00000000f1633a00, 0x00000000f5b4b000)
 Metaspace       used 19730K, capacity 19950K, committed 20352K, reserved 1067008K
  class space    used 2230K, capacity 2313K, committed 2432K, reserved 1048576K
Event: 15.030 GC heap after
Heap after GC invocations=63 (full 5):
 def new generation   total 81472K, used 9024K [0x00000000e0000000, 0x00000000e5860000, 0x00000000eaaa0000)
  eden space 72448K,   0% used [0x00000000e0000000, 0x00000000e0000000, 0x00000000e46c0000)
  from space 9024K, 100% used [0x00000000e4f90000, 0x00000000e5860000, 0x00000000e5860000)
  to   space 9024K,   0% used [0x00000000e46c0000, 0x00000000e46c0000, 0x00000000e4f90000)
 tenured generation   total 180908K, used 125325K [0x00000000eaaa0000, 0x00000000f5b4b000, 0x0000000100000000)
   the space 180908K,  69% used [0x00000000eaaa0000, 0x00000000f2503778, 0x00000000f2503800, 0x00000000f5b4b000)
 Metaspace       used 19730K, capacity 19950K, committed 20352K, reserved 1067008K
  class space    used 2230K, capacity 2313K, committed 2432K, reserved 1048576K
}
Event: 15.268 GC heap before
{Heap before GC invocations=63 (full 5):
 def new generation   total 81472K, used 81472K [0x00000000e0000000, 0x00000000e5860000, 0x00000000eaaa0000)
  eden space 72448K, 100% used [0x00000000e0000000, 0x00000000e46c0000, 0x00000000e46c0000)
  from space 9024K, 100% used [0x00000000e4f90000, 0x00000000e5860000, 0x00000000e5860000)
  to   space 9024K,   0% used [0x00000000e46c0000, 0x00000000e46c0000, 0x00000000e4f90000)
 tenured generation   total 180908K, used 125325K [0x00000000eaaa0000, 0x00000000f5b4b000, 0x0000000100000000)
   the space 180908K,  69% used [0x00000000eaaa0000, 0x00000000f2503778, 0x00000000f2503800, 0x00000000f5b4b000)
 Metaspace       used 19730K, capacity 19950K, committed 20352K, reserved 1067008K
  class space    used 2230K, capacity 2313K, committed 2432K, reserved 1048576K
Event: 15.429 GC heap after
Heap after GC invocations=64 (full 5):
 def new generation   total 81472K, used 9024K [0x00000000e0000000, 0x00000000e5860000, 0x00000000eaaa0000)
  eden space 72448K,   0% used [0x00000000e0000000, 0x00000000e0000000, 0x00000000e46c0000)
  from space 9024K, 100% used [0x00000000e46c0000, 0x00000000e4f90000, 0x00000000e4f90000)
  to   space 9024K,   0% used [0x00000000e4f90000, 0x00000000e4f90000, 0x00000000e5860000)
 tenured generation   total 180908K, used 140381K [0x00000000eaaa0000, 0x00000000f5b4b000, 0x0000000100000000)
   the space 180908K,  77% used [0x00000000eaaa0000, 0x00000000f33b7750, 0x00000000f33b7800, 0x00000000f5b4b000)
 Metaspace       used 19730K, capacity 19950K, committed 20352K, reserved 1067008K
  class space    used 2230K, capacity 2313K, committed 2432K, reserved 1048576K
}
Event: 15.687 GC heap before
{Heap before GC invocations=64 (full 5):
 def new generation   total 81472K, used 81472K [0x00000000e0000000, 0x00000000e5860000, 0x00000000eaaa0000)
  eden space 72448K, 100% used [0x00000000e0000000, 0x00000000e46c0000, 0x00000000e46c0000)
  from space 9024K, 100% used [0x00000000e46c0000, 0x00000000e4f90000, 0x00000000e4f90000)
  to   space 9024K,   0% used [0x00000000e4f90000, 0x00000000e4f90000, 0x00000000e5860000)
 tenured generation   total 180908K, used 140381K [0x00000000eaaa0000, 0x00000000f5b4b000, 0x0000000100000000)
   the space 180908K,  77% used [0x00000000eaaa0000, 0x00000000f33b7750, 0x00000000f33b7800, 0x00000000f5b4b000)
 Metaspace       used 19730K, capacity 19950K, committed 20352K, reserved 1067008K
  class space    used 2230K, capacity 2313K, committed 2432K, reserved 1048576K
Event: 15.924 GC heap after
Heap after GC invocations=65 (full 5):
 def new generation   total 81472K, used 9023K [0x00000000e0000000, 0x00000000e5860000, 0x00000000eaaa0000)
  eden space 72448K,   0% used [0x00000000e0000000, 0x00000000e0000000, 0x00000000e46c0000)
  from space 9024K,  99% used [0x00000000e4f90000, 0x00000000e585fff0, 0x00000000e5860000)
  to   space 9024K,   0% used [0x00000000e46c0000, 0x00000000e46c0000, 0x00000000e4f90000)
 tenured generation   total 180908K, used 155544K [0x00000000eaaa0000, 0x00000000f5b4b000, 0x0000000100000000)
   the space 180908K,  85% used [0x00000000eaaa0000, 0x00000000f4286040, 0x00000000f4286200, 0x00000000f5b4b000)
 Metaspace       used 19730K, capacity 19950K, committed 20352K, reserved 1067008K
  class space    used 2230K, capacity 2313K, committed 2432K, reserved 1048576K
}
Event: 16.074 GC heap before
{Heap before GC invocations=65 (full 5):
 def new generation   total 81472K, used 81471K [0x00000000e0000000, 0x00000000e5860000, 0x00000000eaaa0000)
  eden space 72448K, 100% used [0x00000000e0000000, 0x00000000e46c0000, 0x00000000e46c0000)
  from space 9024K,  99% used [0x00000000e4f90000, 0x00000000e585fff0, 0x00000000e5860000)
  to   space 9024K,   0% used [0x00000000e46c0000, 0x00000000e46c0000, 0x00000000e4f90000)
 tenured generation   total 180908K, used 155544K [0x00000000eaaa0000, 0x00000000f5b4b000, 0x0000000100000000)
   the space 180908K,  85% used [0x00000000eaaa0000, 0x00000000f4286040, 0x00000000f4286200, 0x00000000f5b4b000)
 Metaspace       used 19730K, capacity 19950K, committed 20352K, reserved 1067008K
  class space    used 2230K, capacity 2313K, committed 2432K, reserved 1048576K

Deoptimization events (10 events):
Event: 0.331 Thread 0x00007f3c04015800 Uncommon trap: reason=unstable_if action=reinterpret pc=0x00007f3bf5118efc method=java.lang.String.indexOf(II)I @ 49
Event: 0.385 Thread 0x00007f3c04015800 Uncommon trap: reason=unstable_if action=reinterpret pc=0x00007f3bf511c944 method=java.lang.String.hashCode()I @ 14
Event: 1.864 Thread 0x00007f3c04015800 Uncommon trap: reason=unstable_if action=reinterpret pc=0x00007f3bf52e2520 method=sdsu.algorithms.data.Zipf.computeHarmonic(I)D @ 22
Event: 2.160 Thread 0x00007f3c04015800 Uncommon trap: reason=unstable_if action=reinterpret pc=0x00007f3bf5333e4c method=org.apache.xerces.dom.DeferredDocumentImpl.clearChunkIndex([[III)I @ 47
Event: 2.268 Thread 0x00007f3c04015800 Uncommon trap: reason=unstable_if action=reinterpret pc=0x00007f3bf52e1628 method=java.util.HashMap.getNode(ILjava/lang/Object;)Ljava/util/HashMap$Node; @ 62
Event: 2.290 Thread 0x00007f3c04015800 Uncommon trap: reason=unstable_if action=reinterpret pc=0x00007f3bf5370e54 method=java.util.HashMap.getNode(ILjava/lang/Object;)Ljava/util/HashMap$Node; @ 129
Event: 2.796 Thread 0x00007f3c04015800 Uncommon trap: reason=unstable_if action=reinterpret pc=0x00007f3bf52b34cc method=org.apache.xerces.impl.XMLEntityScanner.scanContent(Lorg/apache/xerces/xni/XMLString;)I @ 461
Event: 3.691 Thread 0x00007f3c04015800 Uncommon trap: reason=unstable_if action=reinterpret pc=0x00007f3bf540ebc4 method=java.lang.ThreadLocal$ThreadLocalMap.getEntry(Ljava/lang/ThreadLocal;)Ljava/lang/ThreadLocal$ThreadLocalMap$Entry; @ 29
Event: 5.738 Thread 0x00007f3c04015800 Uncommon trap: reason=unstable_if action=reinterpret pc=0x00007f3bf54c9920 method=org.apache.pig.test.utils.datagen.DataGenerator$HadoopRunner.genMapFile(Lorg/apache/pig/test/utils/datagen/DataGenerator$ColSpec;)Lorg/apache/hadoop/fs/Path; @ 212
Event: 10.555 Thread 0x00007f3c04015800 Uncommon trap: reason=unstable_if action=reinterpret pc=0x00007f3bf550ecdc method=org.apache.pig.test.utils.datagen.DataGenerator$HadoopRunner.genMapFile(Lorg/apache/pig/test/utils/datagen/DataGenerator$ColSpec;)Lorg/apache/hadoop/fs/Path; @ 220

Internal exceptions (10 events):
Event: 1.053 Thread 0x00007f3c04015800 Exception <a 'java/lang/ClassNotFoundException': org/apache/log4j/AppenderSkeletonCustomizer> (0x00000000e084b268) thrown at [/build/openjdk-8-W1Ghxo/openjdk-8-8u91-b14/src/hotspot/src/share/vm/classfile/systemDictionary.cpp, line 210]
Event: 1.069 Thread 0x00007f3c04015800 Exception <a 'java/lang/ClassNotFoundException': org/apache/log4j/WriterAppenderCustomizer> (0x00000000e0005100) thrown at [/build/openjdk-8-W1Ghxo/openjdk-8-8u91-b14/src/hotspot/src/share/vm/classfile/systemDictionary.cpp, line 210]
Event: 1.074 Thread 0x00007f3c04015800 Exception <a 'java/lang/ClassNotFoundException': org/apache/log4j/ConsoleAppenderCustomizer> (0x00000000e004c4c0) thrown at [/build/openjdk-8-W1Ghxo/openjdk-8-8u91-b14/src/hotspot/src/share/vm/classfile/systemDictionary.cpp, line 210]
Event: 1.232 Thread 0x00007f3c04015800 Exception <a 'java/security/PrivilegedActionException'> (0x00000000e04ea7a8) thrown at [/build/openjdk-8-W1Ghxo/openjdk-8-8u91-b14/src/hotspot/src/share/vm/prims/jvm.cpp, line 1386]
Event: 1.232 Thread 0x00007f3c04015800 Exception <a 'java/security/PrivilegedActionException'> (0x00000000e04ea9b8) thrown at [/build/openjdk-8-W1Ghxo/openjdk-8-8u91-b14/src/hotspot/src/share/vm/prims/jvm.cpp, line 1386]
Event: 1.368 Thread 0x00007f3c04015800 Exception <a 'java/lang/NoSuchFieldError': method resolution failed> (0x00000000e06ffb88) thrown at [/build/openjdk-8-W1Ghxo/openjdk-8-8u91-b14/src/hotspot/src/share/vm/prims/methodHandles.cpp, line 1146]
Event: 1.369 Thread 0x00007f3c04015800 Exception <a 'java/lang/NoSuchFieldError': method resolution failed> (0x00000000e070d5f8) thrown at [/build/openjdk-8-W1Ghxo/openjdk-8-8u91-b14/src/hotspot/src/share/vm/prims/methodHandles.cpp, line 1146]
Event: 2.505 Thread 0x00007f3c04015800 Exception <a 'java/io/FileNotFoundException'> (0x00000000e02c89d0) thrown at [/build/openjdk-8-W1Ghxo/openjdk-8-8u91-b14/src/hotspot/src/share/vm/prims/jni.cpp, line 709]
Event: 2.505 Thread 0x00007f3c04015800 Exception <a 'java/security/PrivilegedActionException'> (0x00000000e02c9020) thrown at [/build/openjdk-8-W1Ghxo/openjdk-8-8u91-b14/src/hotspot/src/share/vm/prims/jvm.cpp, line 1386]
Event: 2.506 Thread 0x00007f3c04015800 Exception <a 'java/lang/reflect/InvocationTargetException'> (0x00000000e02cb0e0) thrown at [/build/openjdk-8-W1Ghxo/openjdk-8-8u91-b14/src/hotspot/src/share/vm/runtime/reflection.cpp, line 1092]

Events (10 events):
Event: 13.899 Executing VM operation: GenCollectForAllocation done
Event: 14.351 Executing VM operation: GenCollectForAllocation
Event: 14.528 Executing VM operation: GenCollectForAllocation done
Event: 14.791 Executing VM operation: GenCollectForAllocation
Event: 15.030 Executing VM operation: GenCollectForAllocation done
Event: 15.266 Executing VM operation: GenCollectForAllocation
Event: 15.434 Executing VM operation: GenCollectForAllocation done
Event: 15.687 Executing VM operation: GenCollectForAllocation
Event: 15.924 Executing VM operation: GenCollectForAllocation done
Event: 16.071 Executing VM operation: GenCollectForAllocation


Dynamic libraries:
00400000-00401000 r-xp 00000000 08:01 60033825                           /usr/lib/jvm/java-8-openjdk-amd64/jre/bin/java
00600000-00601000 r--p 00000000 08:01 60033825                           /usr/lib/jvm/java-8-openjdk-amd64/jre/bin/java
00601000-00602000 rw-p 00001000 08:01 60033825                           /usr/lib/jvm/java-8-openjdk-amd64/jre/bin/java
0252a000-025af000 rw-p 00000000 00:00 0                                  [heap]
e0000000-e5860000 rw-p 00000000 00:00 0 
e5860000-eaaa0000 ---p 00000000 00:00 0 
eaaa0000-f5deb000 rw-p 00000000 00:00 0 
fd497000-100000000 ---p 00000000 00:00 0 
100000000-100260000 rw-p 00000000 00:00 0 
100260000-140000000 ---p 00000000 00:00 0 
7f3be8000000-7f3be802e000 rw-p 00000000 00:00 0 
7f3be802e000-7f3bec000000 ---p 00000000 00:00 0 
7f3bef4e8000-7f3bef4eb000 ---p 00000000 00:00 0 
7f3bef4eb000-7f3bef5e9000 rw-p 00000000 00:00 0 
7f3bef5e9000-7f3bef5ec000 ---p 00000000 00:00 0 
7f3bef5ec000-7f3bef6ea000 rw-p 00000000 00:00 0 
7f3bef6ea000-7f3bef6ed000 ---p 00000000 00:00 0 
7f3bef6ed000-7f3bef7eb000 rw-p 00000000 00:00 0 
7f3bef7eb000-7f3bef7ee000 ---p 00000000 00:00 0 
7f3bef7ee000-7f3befa6c000 rw-p 00000000 00:00 0 
7f3befa6c000-7f3befaec000 ---p 00000000 00:00 0 
7f3befaec000-7f3befaef000 ---p 00000000 00:00 0 
7f3befaef000-7f3befbed000 rw-p 00000000 00:00 0 
7f3befbed000-7f3befbfe000 r-xp 00000000 08:01 60033874                   /usr/lib/jvm/java-8-openjdk-amd64/jre/lib/amd64/libnio.so
7f3befbfe000-7f3befdfe000 ---p 00011000 08:01 60033874                   /usr/lib/jvm/java-8-openjdk-amd64/jre/lib/amd64/libnio.so
7f3befdfe000-7f3befdff000 r--p 00011000 08:01 60033874                   /usr/lib/jvm/java-8-openjdk-amd64/jre/lib/amd64/libnio.so
7f3befdff000-7f3befe00000 rw-p 00012000 08:01 60033874                   /usr/lib/jvm/java-8-openjdk-amd64/jre/lib/amd64/libnio.so
7f3befe00000-7f3bf0000000 rw-p 00000000 00:00 0 
7f3bf0000000-7f3bf0634000 rw-p 00000000 00:00 0 
7f3bf0634000-7f3bf4000000 ---p 00000000 00:00 0 
7f3bf40db000-7f3bf42db000 rw-p 00000000 00:00 0 
7f3bf42db000-7f3bf45dc000 rw-p 00000000 00:00 0 
7f3bf45dc000-7f3bf45f3000 r-xp 00000000 08:01 60033850                   /usr/lib/jvm/java-8-openjdk-amd64/jre/lib/amd64/libnet.so
7f3bf45f3000-7f3bf47f2000 ---p 00017000 08:01 60033850                   /usr/lib/jvm/java-8-openjdk-amd64/jre/lib/amd64/libnet.so
7f3bf47f2000-7f3bf47f3000 r--p 00016000 08:01 60033850                   /usr/lib/jvm/java-8-openjdk-amd64/jre/lib/amd64/libnet.so
7f3bf47f3000-7f3bf47f4000 rw-p 00017000 08:01 60033850                   /usr/lib/jvm/java-8-openjdk-amd64/jre/lib/amd64/libnet.so
7f3bf47f4000-7f3bf49f4000 rw-p 00000000 00:00 0 
7f3bf49f4000-7f3bf49f5000 r-xp 00000000 08:01 60033846                   /usr/lib/jvm/java-8-openjdk-amd64/jre/lib/amd64/libjaas_unix.so
7f3bf49f5000-7f3bf4bf4000 ---p 00001000 08:01 60033846                   /usr/lib/jvm/java-8-openjdk-amd64/jre/lib/amd64/libjaas_unix.so
7f3bf4bf4000-7f3bf4bf5000 r--p 00000000 08:01 60033846                   /usr/lib/jvm/java-8-openjdk-amd64/jre/lib/amd64/libjaas_unix.so
7f3bf4bf5000-7f3bf4bf6000 rw-p 00001000 08:01 60033846                   /usr/lib/jvm/java-8-openjdk-amd64/jre/lib/amd64/libjaas_unix.so
7f3bf4bf6000-7f3bf4bff000 r-xp 00000000 08:01 60033864                   /usr/lib/jvm/java-8-openjdk-amd64/jre/lib/amd64/libmanagement.so
7f3bf4bff000-7f3bf4dfe000 ---p 00009000 08:01 60033864                   /usr/lib/jvm/java-8-openjdk-amd64/jre/lib/amd64/libmanagement.so
7f3bf4dfe000-7f3bf4dff000 r--p 00008000 08:01 60033864                   /usr/lib/jvm/java-8-openjdk-amd64/jre/lib/amd64/libmanagement.so
7f3bf4dff000-7f3bf4e00000 rw-p 00009000 08:01 60033864                   /usr/lib/jvm/java-8-openjdk-amd64/jre/lib/amd64/libmanagement.so
7f3bf4e00000-7f3bf5000000 rw-p 00000000 00:00 0 
7f3bf5000000-7f3bf55c0000 rwxp 00000000 00:00 0 
7f3bf55c0000-7f3c04000000 ---p 00000000 00:00 0 
7f3c04000000-7f3c051ab000 rw-p 00000000 00:00 0 
7f3c051ab000-7f3c08000000 ---p 00000000 00:00 0 
7f3c080c0000-7f3c080c3000 ---p 00000000 00:00 0 
7f3c080c3000-7f3c081c1000 rw-p 00000000 00:00 0 
7f3c081c1000-7f3c081c4000 ---p 00000000 00:00 0 
7f3c081c4000-7f3c081fa000 rw-p 00000000 00:00 0 
7f3c081fa000-7f3c08201000 r--s 0003a000 08:01 31329500                   /home/ahmed/pig/pigperf.jar
7f3c08201000-7f3c08207000 r--s 0003a000 08:01 34343794                   /home/ahmed/pig/lib/sdsuLibJKD12.jar
7f3c08207000-7f3c08247000 rw-p 00000000 00:00 0 
7f3c08247000-7f3c083e7000 r--s 019e2000 08:01 31329294                   /home/ahmed/pig/pig.jar
7f3c083e7000-7f3c083ec000 r--s 0003e000 08:01 33033158                   /home/ahmed/inchadoop2.7.2/hadoop-mapreduce-project/target/hadoop-mapreduce-2.7.2/share/hadoop/mapreduce/hadoop-mapreduce-examples-2.7.2.jar
7f3c083ec000-7f3c083ef000 r--s 00026000 08:01 33033155                   /home/ahmed/inchadoop2.7.2/hadoop-mapreduce-project/target/hadoop-mapreduce-2.7.2/share/hadoop/mapreduce/hadoop-mapreduce-client-hs-2.7.2.jar
7f3c083ef000-7f3c083f9000 r--s 00075000 08:01 33033154                   /home/ahmed/inchadoop2.7.2/hadoop-mapreduce-project/target/hadoop-mapreduce-2.7.2/share/hadoop/mapreduce/hadoop-mapreduce-client-app-2.7.2.jar
7f3c083f9000-7f3c083fa000 r--s 0000b000 08:01 33033153                   /home/ahmed/inchadoop2.7.2/hadoop-mapreduce-project/target/hadoop-mapreduce-2.7.2/share/hadoop/mapreduce/hadoop-mapreduce-client-shuffle-2.7.2.jar
7f3c083fa000-7f3c083fc000 r--s 00008000 08:01 33033156                   /home/ahmed/inchadoop2.7.2/hadoop-mapreduce-project/target/hadoop-mapreduce-2.7.2/share/hadoop/mapreduce/hadoop-mapreduce-client-jobclient-2.7.2.jar
7f3c083fc000-7f3c08414000 r--s 0015e000 08:01 33033151                   /home/ahmed/inchadoop2.7.2/hadoop-mapreduce-project/target/hadoop-mapreduce-2.7.2/share/hadoop/mapreduce/hadoop-mapreduce-client-core-2.7.2.jar
7f3c08414000-7f3c0842b000 r--s 00160000 08:01 33033159                   /home/ahmed/inchadoop2.7.2/hadoop-mapreduce-project/target/hadoop-mapreduce-2.7.2/share/hadoop/mapreduce/hadoop-mapreduce-client-jobclient-2.7.2-tests.jar
7f3c0842b000-7f3c08438000 r--s 000ab000 08:01 33033152                   /home/ahmed/inchadoop2.7.2/hadoop-mapreduce-project/target/hadoop-mapreduce-2.7.2/share/hadoop/mapreduce/hadoop-mapreduce-client-common-2.7.2.jar
7f3c08438000-7f3c0843a000 r--s 00000000 08:01 33033157                   /home/ahmed/inchadoop2.7.2/hadoop-mapreduce-project/target/hadoop-mapreduce-2.7.2/share/hadoop/mapreduce/hadoop-mapreduce-client-hs-plugins-2.7.2.jar
7f3c0843a000-7f3c0843e000 r--s 0002a000 08:01 33033170                   /home/ahmed/inchadoop2.7.2/hadoop-mapreduce-project/target/hadoop-mapreduce-2.7.2/share/hadoop/mapreduce/lib/commons-io-2.4.jar
7f3c0843e000-7f3c08441000 r--s 000fd000 08:01 33033176                   /home/ahmed/inchadoop2.7.2/hadoop-mapreduce-project/target/hadoop-mapreduce-2.7.2/share/hadoop/mapreduce/lib/leveldbjni-all-1.8.jar
7f3c08441000-7f3c08446000 r--s 00036000 08:01 33033167                   /home/ahmed/inchadoop2.7.2/hadoop-mapreduce-project/target/hadoop-mapreduce-2.7.2/share/hadoop/mapreduce/lib/commons-compress-1.4.1.jar
7f3c08446000-7f3c08455000 r--s 0009f000 08:01 33033177                   /home/ahmed/inchadoop2.7.2/hadoop-mapreduce-project/target/hadoop-mapreduce-2.7.2/share/hadoop/mapreduce/lib/guice-3.0.jar
7f3c08455000-7f3c08459000 r--s 00014000 08:01 33033168                   /home/ahmed/inchadoop2.7.2/hadoop-mapreduce-project/target/hadoop-mapreduce-2.7.2/share/hadoop/mapreduce/lib/xz-1.0.jar
7f3c08459000-7f3c08463000 r--s 00066000 08:01 33033171                   /home/ahmed/inchadoop2.7.2/hadoop-mapreduce-project/target/hadoop-mapreduce-2.7.2/share/hadoop/mapreduce/lib/jersey-core-1.9.jar
7f3c08463000-7f3c08467000 r--s 00035000 08:01 33033163                   /home/ahmed/inchadoop2.7.2/hadoop-mapreduce-project/target/hadoop-mapreduce-2.7.2/share/hadoop/mapreduce/lib/jackson-core-asl-1.9.13.jar
7f3c08467000-7f3c08468000 r--s 00000000 08:01 33033178                   /home/ahmed/inchadoop2.7.2/hadoop-mapreduce-project/target/hadoop-mapreduce-2.7.2/share/hadoop/mapreduce/lib/javax.inject-1.jar
7f3c08468000-7f3c0846e000 r--s 00036000 08:01 33033182                   /home/ahmed/inchadoop2.7.2/hadoop-mapreduce-project/target/hadoop-mapreduce-2.7.2/share/hadoop/mapreduce/lib/junit-4.11.jar
7f3c0846e000-7f3c08470000 r--s 00006000 08:01 33033165                   /home/ahmed/inchadoop2.7.2/hadoop-mapreduce-project/target/hadoop-mapreduce-2.7.2/share/hadoop/mapreduce/lib/paranamer-2.3.jar
7f3c08470000-7f3c08487000 r--s 0010e000 08:01 33033175                   /home/ahmed/inchadoop2.7.2/hadoop-mapreduce-project/target/hadoop-mapreduce-2.7.2/share/hadoop/mapreduce/lib/netty-3.6.2.Final.jar
7f3c08487000-7f3c08489000 r--s 00003000 08:01 33033169                   /home/ahmed/inchadoop2.7.2/hadoop-mapreduce-project/target/hadoop-mapreduce-2.7.2/share/hadoop/mapreduce/lib/hadoop-annotations-2.7.2.jar
7f3c08489000-7f3c08492000 r--s 0006f000 08:01 33033174                   /home/ahmed/inchadoop2.7.2/hadoop-mapreduce-project/target/hadoop-mapreduce-2.7.2/share/hadoop/mapreduce/lib/log4j-1.2.17.jar
7f3c08492000-7f3c08494000 r--s 00000000 08:01 33033179                   /home/ahmed/inchadoop2.7.2/hadoop-mapreduce-project/target/hadoop-mapreduce-2.7.2/share/hadoop/mapreduce/lib/aopalliance-1.0.jar
7f3c08494000-7f3c08496000 r--s 000f2000 08:01 33033166                   /home/ahmed/inchadoop2.7.2/hadoop-mapreduce-project/target/hadoop-mapreduce-2.7.2/share/hadoop/mapreduce/lib/snappy-java-1.0.4.1.jar
7f3c08496000-7f3c0849d000 r--s 00044000 08:01 33033162                   /home/ahmed/inchadoop2.7.2/hadoop-mapreduce-project/target/hadoop-mapreduce-2.7.2/share/hadoop/mapreduce/lib/avro-1.7.4.jar
7f3c0849d000-7f3c084ab000 r--s 000b1000 08:01 33033164                   /home/ahmed/inchadoop2.7.2/hadoop-mapreduce-project/target/hadoop-mapreduce-2.7.2/share/hadoop/mapreduce/lib/jackson-mapper-asl-1.9.13.jar
7f3c084ab000-7f3c084bd000 r--s 0009d000 08:01 33033172                   /home/ahmed/inchadoop2.7.2/hadoop-mapreduce-project/target/hadoop-mapreduce-2.7.2/share/hadoop/mapreduce/lib/jersey-server-1.9.jar
7f3c084bd000-7f3c084c5000 r--s 0007b000 08:01 33033161                   /home/ahmed/inchadoop2.7.2/hadoop-mapreduce-project/target/hadoop-mapreduce-2.7.2/share/hadoop/mapreduce/lib/protobuf-java-2.5.0.jar
7f3c084c5000-7f3c084c6000 r--s 0000a000 08:01 33033173                   /home/ahmed/inchadoop2.7.2/hadoop-mapreduce-project/target/hadoop-mapreduce-2.7.2/share/hadoop/mapreduce/lib/asm-3.2.jar
7f3c084c6000-7f3c084c8000 r--s 00009000 08:01 33033183                   /home/ahmed/inchadoop2.7.2/hadoop-mapreduce-project/target/hadoop-mapreduce-2.7.2/share/hadoop/mapreduce/lib/hamcrest-core-1.3.jar
7f3c084c8000-7f3c084ca000 r--s 0000e000 08:01 33033181                   /home/ahmed/inchadoop2.7.2/hadoop-mapreduce-project/target/hadoop-mapreduce-2.7.2/share/hadoop/mapreduce/lib/guice-servlet-3.0.jar
7f3c084ca000-7f3c084cb000 r--s 00003000 08:01 33033180                   /home/ahmed/inchadoop2.7.2/hadoop-mapreduce-project/target/hadoop-mapreduce-2.7.2/share/hadoop/mapreduce/lib/jersey-guice-1.9.jar
7f3c084cb000-7f3c084e1000 r--s 0011d000 08:01 33030407                   /home/ahmed/inchadoop2.7.2/hadoop-yarn-project/target/hadoop-yarn-project-2.7.2/share/hadoop/yarn/hadoop-yarn-server-resourcemanager-2.7.2.jar
7f3c084e1000-7f3c084e3000 r--s 00008000 08:01 33030408                   /home/ahmed/inchadoop2.7.2/hadoop-yarn-project/target/hadoop-yarn-project-2.7.2/share/hadoop/yarn/hadoop-yarn-server-tests-2.7.2.jar
7f3c084e3000-7f3c084e8000 r--s 0002c000 08:01 33030406                   /home/ahmed/inchadoop2.7.2/hadoop-yarn-project/target/hadoop-yarn-project-2.7.2/share/hadoop/yarn/hadoop-yarn-server-applicationhistoryservice-2.7.2.jar
7f3c084e8000-7f3c084ea000 r--s 0000b000 08:01 33030410                   /home/ahmed/inchadoop2.7.2/hadoop-yarn-project/target/hadoop-yarn-project-2.7.2/share/hadoop/yarn/hadoop-yarn-server-sharedcachemanager-2.7.2.jar
7f3c084ea000-7f3c084ed000 r--s 00020000 08:01 33030409                   /home/ahmed/inchadoop2.7.2/hadoop-yarn-project/target/hadoop-yarn-project-2.7.2/share/hadoop/yarn/hadoop-yarn-client-2.7.2.jar
7f3c084ed000-7f3c084f4000 r--s 00052000 08:01 33030403                   /home/ahmed/inchadoop2.7.2/hadoop-yarn-project/target/hadoop-yarn-project-2.7.2/share/hadoop/yarn/hadoop-yarn-server-common-2.7.2.jar
7f3c084f4000-7f3c08511000 r--s 001d0000 08:01 33030401                   /home/ahmed/inchadoop2.7.2/hadoop-yarn-project/target/hadoop-yarn-project-2.7.2/share/hadoop/yarn/hadoop-yarn-api-2.7.2.jar
7f3c08511000-7f3c0851f000 r--s 0009c000 08:01 33030404                   /home/ahmed/inchadoop2.7.2/hadoop-yarn-project/target/hadoop-yarn-project-2.7.2/share/hadoop/yarn/hadoop-yarn-server-nodemanager-2.7.2.jar
7f3c0851f000-7f3c08521000 r--s 0000a000 08:01 33030411                   /home/ahmed/inchadoop2.7.2/hadoop-yarn-project/target/hadoop-yarn-project-2.7.2/share/hadoop/yarn/hadoop-yarn-applications-distributedshell-2.7.2.jar
7f3c08521000-7f3c08538000 r--s 0017d000 08:01 33030402                   /home/ahmed/inchadoop2.7.2/hadoop-yarn-project/target/hadoop-yarn-project-2.7.2/share/hadoop/yarn/hadoop-yarn-common-2.7.2.jar
7f3c08538000-7f3c0853a000 r--s 00007000 08:01 33030405                   /home/ahmed/inchadoop2.7.2/hadoop-yarn-project/target/hadoop-yarn-project-2.7.2/share/hadoop/yarn/hadoop-yarn-server-web-proxy-2.7.2.jar
7f3c0853a000-7f3c0853c000 r--s 00016000 08:01 33030413                   /home/ahmed/inchadoop2.7.2/hadoop-yarn-project/target/hadoop-yarn-project-2.7.2/share/hadoop/yarn/hadoop-yarn-registry-2.7.2.jar
7f3c0853c000-7f3c0853d000 r--s 00003000 08:01 33030412                   /home/ahmed/inchadoop2.7.2/hadoop-yarn-project/target/hadoop-yarn-project-2.7.2/share/hadoop/yarn/hadoop-yarn-applications-unmanaged-am-launcher-2.7.2.jar
7f3c0853d000-7f3c08541000 r--s 0002a000 08:01 33030442                   /home/ahmed/inchadoop2.7.2/hadoop-yarn-project/target/hadoop-yarn-project-2.7.2/share/hadoop/yarn/lib/commons-io-2.4.jar
7f3c08541000-7f3c08562000 r--s 00172000 08:01 33030418                   /home/ahmed/inchadoop2.7.2/hadoop-yarn-project/target/hadoop-yarn-project-2.7.2/share/hadoop/yarn/lib/guava-11.0.2.jar
7f3c08562000-7f3c08563000 r--s 00004000 08:01 33030436                   /home/ahmed/inchadoop2.7.2/hadoop-yarn-project/target/hadoop-yarn-project-2.7.2/share/hadoop/yarn/lib/jackson-jaxrs-1.9.13.jar
7f3c08563000-7f3c0856a000 r--s 0007d000 08:01 33030453                   /home/ahmed/inchadoop2.7.2/hadoop-yarn-project/target/hadoop-yarn-project-2.7.2/share/hadoop/yarn/lib/jetty-6.1.26.jar
7f3c0856a000-7f3c0856d000 r--s 000fd000 08:01 33030451                   /home/ahmed/inchadoop2.7.2/hadoop-yarn-project/target/hadoop-yarn-project-2.7.2/share/hadoop/yarn/lib/leveldbjni-all-1.8.jar
7f3c0856d000-7f3c08580000 r--s 000c7000 08:01 33030447                   /home/ahmed/inchadoop2.7.2/hadoop-yarn-project/target/hadoop-yarn-project-2.7.2/share/hadoop/yarn/lib/jaxb-impl-2.2.3-1.jar
7f3c08580000-7f3c0858c000 r--s 000b6000 08:01 33030449                   /home/ahmed/inchadoop2.7.2/hadoop-yarn-project/target/hadoop-yarn-project-2.7.2/share/hadoop/yarn/lib/zookeeper-3.4.6.jar
7f3c0858c000-7f3c08591000 r--s 00041000 08:01 33030417                   /home/ahmed/inchadoop2.7.2/hadoop-yarn-project/target/hadoop-yarn-project-2.7.2/share/hadoop/yarn/lib/commons-lang-2.6.jar
7f3c08591000-7f3c08593000 r--s 0000e000 08:01 33030420                   /home/ahmed/inchadoop2.7.2/hadoop-yarn-project/target/hadoop-yarn-project-2.7.2/share/hadoop/yarn/lib/commons-logging-1.1.3.jar
7f3c08593000-7f3c08598000 r--s 00036000 08:01 33030427                   /home/ahmed/inchadoop2.7.2/hadoop-yarn-project/target/hadoop-yarn-project-2.7.2/share/hadoop/yarn/lib/commons-compress-1.4.1.jar
7f3c08598000-7f3c085a7000 r--s 0009f000 08:01 33030439                   /home/ahmed/inchadoop2.7.2/hadoop-yarn-project/target/hadoop-yarn-project-2.7.2/share/hadoop/yarn/lib/guice-3.0.jar
7f3c085a7000-7f3c085a8000 r--s 00006000 08:01 33030437                   /home/ahmed/inchadoop2.7.2/hadoop-yarn-project/target/hadoop-yarn-project-2.7.2/share/hadoop/yarn/lib/jackson-xc-1.9.13.jar
7f3c085a8000-7f3c085aa000 r--s 0000e000 08:01 33030426                   /home/ahmed/inchadoop2.7.2/hadoop-yarn-project/target/hadoop-yarn-project-2.7.2/share/hadoop/yarn/lib/activation-1.1.jar
7f3c085aa000-7f3c085ae000 r--s 00014000 08:01 33030428                   /home/ahmed/inchadoop2.7.2/hadoop-yarn-project/target/hadoop-yarn-project-2.7.2/share/hadoop/yarn/lib/xz-1.0.jar
7f3c085ae000-7f3c085b1000 r--s 00006000 08:01 33030419                   /home/ahmed/inchadoop2.7.2/hadoop-yarn-project/target/hadoop-yarn-project-2.7.2/share/hadoop/yarn/lib/jsr305-3.0.0.jar
7f3c085b1000-7f3c085ba000 r--s 0007b000 08:01 33030454                   /home/ahmed/inchadoop2.7.2/hadoop-yarn-project/target/hadoop-yarn-project-2.7.2/share/hadoop/yarn/lib/zookeeper-3.4.6-tests.jar
7f3c085ba000-7f3c085bc000 r--s 0000d000 08:01 33030430                   /home/ahmed/inchadoop2.7.2/hadoop-yarn-project/target/hadoop-yarn-project-2.7.2/share/hadoop/yarn/lib/commons-codec-1.4.jar
7f3c085bc000-7f3c085c6000 r--s 00066000 08:01 33030432                   /home/ahmed/inchadoop2.7.2/hadoop-yarn-project/target/hadoop-yarn-project-2.7.2/share/hadoop/yarn/lib/jersey-core-1.9.jar
7f3c085c6000-7f3c085ca000 r--s 00035000 08:01 33030434                   /home/ahmed/inchadoop2.7.2/hadoop-yarn-project/target/hadoop-yarn-project-2.7.2/share/hadoop/yarn/lib/jackson-core-asl-1.9.13.jar
7f3c085ca000-7f3c085cb000 r--s 00000000 08:01 33030440                   /home/ahmed/inchadoop2.7.2/hadoop-yarn-project/target/hadoop-yarn-project-2.7.2/share/hadoop/yarn/lib/javax.inject-1.jar
7f3c085cb000-7f3c085cf000 r--s 00028000 08:01 33030431                   /home/ahmed/inchadoop2.7.2/hadoop-yarn-project/target/hadoop-yarn-project-2.7.2/share/hadoop/yarn/lib/jetty-util-6.1.26.jar
7f3c085cf000-7f3c085e6000 r--s 0010e000 08:01 33030450                   /home/ahmed/inchadoop2.7.2/hadoop-yarn-project/target/hadoop-yarn-project-2.7.2/share/hadoop/yarn/lib/netty-3.6.2.Final.jar
7f3c085e6000-7f3c085ef000 r--s 0006f000 08:01 33030423                   /home/ahmed/inchadoop2.7.2/hadoop-yarn-project/target/hadoop-yarn-project-2.7.2/share/hadoop/yarn/lib/log4j-1.2.17.jar
7f3c085ef000-7f3c085f2000 r--s 00017000 08:01 33030424                   /home/ahmed/inchadoop2.7.2/hadoop-yarn-project/target/hadoop-yarn-project-2.7.2/share/hadoop/yarn/lib/jaxb-api-2.2.2.jar
7f3c085f2000-7f3c085f4000 r--s 00000000 08:01 33030441                   /home/ahmed/inchadoop2.7.2/hadoop-yarn-project/target/hadoop-yarn-project-2.7.2/share/hadoop/yarn/lib/aopalliance-1.0.jar
7f3c085f4000-7f3c085f6000 r--s 00004000 08:01 33030425                   /home/ahmed/inchadoop2.7.2/hadoop-yarn-project/target/hadoop-yarn-project-2.7.2/share/hadoop/yarn/lib/stax-api-1.0-2.jar
7f3c085f6000-7f3c085fa000 r--s 00021000 08:01 33030445                   /home/ahmed/inchadoop2.7.2/hadoop-yarn-project/target/hadoop-yarn-project-2.7.2/share/hadoop/yarn/lib/jersey-json-1.9.jar
7f3c085fa000-7f3c085fc000 r--s 0000f000 08:01 33030446                   /home/ahmed/inchadoop2.7.2/hadoop-yarn-project/target/hadoop-yarn-project-2.7.2/share/hadoop/yarn/lib/jettison-1.1.jar
7f3c085fc000-7f3c0860a000 r--s 000b1000 08:01 33030435                   /home/ahmed/inchadoop2.7.2/hadoop-yarn-project/target/hadoop-yarn-project-2.7.2/share/hadoop/yarn/lib/jackson-mapper-asl-1.9.13.jar
7f3c0860a000-7f3c0861c000 r--s 0009d000 08:01 33030443                   /home/ahmed/inchadoop2.7.2/hadoop-yarn-project/target/hadoop-yarn-project-2.7.2/share/hadoop/yarn/lib/jersey-server-1.9.jar
7f3c0861c000-7f3c0861f000 r--s 0001d000 08:01 33030433                   /home/ahmed/inchadoop2.7.2/hadoop-yarn-project/target/hadoop-yarn-project-2.7.2/share/hadoop/yarn/lib/jersey-client-1.9.jar
7f3c0861f000-7f3c08627000 r--s 0007b000 08:01 33030421                   /home/ahmed/inchadoop2.7.2/hadoop-yarn-project/target/hadoop-yarn-project-2.7.2/share/hadoop/yarn/lib/protobuf-java-2.5.0.jar
7f3c08627000-7f3c08628000 r--s 0000a000 08:01 33030444                   /home/ahmed/inchadoop2.7.2/hadoop-yarn-project/target/hadoop-yarn-project-2.7.2/share/hadoop/yarn/lib/asm-3.2.jar
7f3c08628000-7f3c0862a000 r--s 00009000 08:01 33030422                   /home/ahmed/inchadoop2.7.2/hadoop-yarn-project/target/hadoop-yarn-project-2.7.2/share/hadoop/yarn/lib/commons-cli-1.2.jar
7f3c0862a000-7f3c0862c000 r--s 0000e000 08:01 33030438                   /home/ahmed/inchadoop2.7.2/hadoop-yarn-project/target/hadoop-yarn-project-2.7.2/share/hadoop/yarn/lib/guice-servlet-3.0.jar
7f3c0862c000-7f3c08639000 r--s 00083000 08:01 33030452                   /home/ahmed/inchadoop2.7.2/hadoop-yarn-project/target/hadoop-yarn-project-2.7.2/share/hadoop/yarn/lib/commons-collections-3.2.2.jar
7f3c08639000-7f3c0863a000 r--s 00003000 08:01 33030448                   /home/ahmed/inchadoop2.7.2/hadoop-yarn-project/target/hadoop-yarn-project-2.7.2/share/hadoop/yarn/lib/jersey-guice-1.9.jar
7f3c0863a000-7f3c0863c000 r--s 00018000 08:01 33030429                   /home/ahmed/inchadoop2.7.2/hadoop-yarn-project/target/hadoop-yarn-project-2.7.2/share/hadoop/yarn/lib/servlet-api-2.5.jar
7f3c0863c000-7f3c086a6000 r--s 00779000 08:01 32772100                   /home/ahmed/inchadoop2.7.2/hadoop-hdfs-project/hadoop-hdfs/target/hadoop-hdfs-2.7.2/share/hadoop/hdfs/hadoop-hdfs-2.7.2.jar
7f3c086a6000-7f3c086c9000 r--s 00300000 08:01 32772099                   /home/ahmed/inchadoop2.7.2/hadoop-hdfs-project/hadoop-hdfs/target/hadoop-hdfs-2.7.2/share/hadoop/hdfs/hadoop-hdfs-2.7.2-tests.jar
7f3c086c9000-7f3c086cd000 r--s 0002a000 08:01 32772121                   /home/ahmed/inchadoop2.7.2/hadoop-hdfs-project/hadoop-hdfs/target/hadoop-hdfs-2.7.2/share/hadoop/hdfs/lib/commons-io-2.4.jar
7f3c086cd000-7f3c086e6000 r--s 00150000 08:01 32772132                   /home/ahmed/inchadoop2.7.2/hadoop-hdfs-project/hadoop-hdfs/target/hadoop-hdfs-2.7.2/share/hadoop/hdfs/lib/htrace-core-3.1.0-incubating.jar
7f3c086e6000-7f3c08707000 r--s 00172000 08:01 32772117                   /home/ahmed/inchadoop2.7.2/hadoop-hdfs-project/hadoop-hdfs/target/hadoop-hdfs-2.7.2/share/hadoop/hdfs/lib/guava-11.0.2.jar
7f3c08707000-7f3c0870e000 r--s 0007d000 08:01 32772123                   /home/ahmed/inchadoop2.7.2/hadoop-hdfs-project/hadoop-hdfs/target/hadoop-hdfs-2.7.2/share/hadoop/hdfs/lib/jetty-6.1.26.jar
7f3c0870e000-7f3c08711000 r--s 000fd000 08:01 32772137                   /home/ahmed/inchadoop2.7.2/hadoop-hdfs-project/hadoop-hdfs/target/hadoop-hdfs-2.7.2/share/hadoop/hdfs/lib/leveldbjni-all-1.8.jar
7f3c08711000-7f3c08716000 r--s 00041000 08:01 32772130                   /home/ahmed/inchadoop2.7.2/hadoop-hdfs-project/hadoop-hdfs/target/hadoop-hdfs-2.7.2/share/hadoop/hdfs/lib/commons-lang-2.6.jar
7f3c08716000-7f3c08718000 r--s 0000e000 08:01 32772115                   /home/ahmed/inchadoop2.7.2/hadoop-hdfs-project/hadoop-hdfs/target/hadoop-hdfs-2.7.2/share/hadoop/hdfs/lib/commons-logging-1.1.3.jar
7f3c08718000-7f3c08719000 r--s 00003000 08:01 32772120                   /home/ahmed/inchadoop2.7.2/hadoop-hdfs-project/hadoop-hdfs/target/hadoop-hdfs-2.7.2/share/hadoop/hdfs/lib/xmlenc-0.52.jar
7f3c08719000-7f3c08721000 r--s 00028000 08:01 32772136                   /home/ahmed/inchadoop2.7.2/hadoop-hdfs-project/hadoop-hdfs/target/hadoop-hdfs-2.7.2/share/hadoop/hdfs/lib/xml-apis-1.3.04.jar
7f3c08721000-7f3c08724000 r--s 00006000 08:01 32772118                   /home/ahmed/inchadoop2.7.2/hadoop-hdfs-project/hadoop-hdfs/target/hadoop-hdfs-2.7.2/share/hadoop/hdfs/lib/jsr305-3.0.0.jar
7f3c08724000-7f3c08726000 r--s 0000d000 08:01 32772113                   /home/ahmed/inchadoop2.7.2/hadoop-hdfs-project/hadoop-hdfs/target/hadoop-hdfs-2.7.2/share/hadoop/hdfs/lib/commons-codec-1.4.jar
7f3c08726000-7f3c08730000 r--s 00066000 08:01 32772125                   /home/ahmed/inchadoop2.7.2/hadoop-hdfs-project/hadoop-hdfs/target/hadoop-hdfs-2.7.2/share/hadoop/hdfs/lib/jersey-core-1.9.jar
7f3c08730000-7f3c08731000 r--s 00005000 08:01 32772133                   /home/ahmed/inchadoop2.7.2/hadoop-hdfs-project/hadoop-hdfs/target/hadoop-hdfs-2.7.2/share/hadoop/hdfs/lib/commons-daemon-1.0.13.jar
7f3c08731000-7f3c08735000 r--s 00035000 08:01 32772126                   /home/ahmed/inchadoop2.7.2/hadoop-hdfs-project/hadoop-hdfs/target/hadoop-hdfs-2.7.2/share/hadoop/hdfs/lib/jackson-core-asl-1.9.13.jar
7f3c08735000-7f3c08739000 r--s 00028000 08:01 32772124                   /home/ahmed/inchadoop2.7.2/hadoop-hdfs-project/hadoop-hdfs/target/hadoop-hdfs-2.7.2/share/hadoop/hdfs/lib/jetty-util-6.1.26.jar
7f3c08739000-7f3c08750000 r--s 0010e000 08:01 32772116                   /home/ahmed/inchadoop2.7.2/hadoop-hdfs-project/hadoop-hdfs/target/hadoop-hdfs-2.7.2/share/hadoop/hdfs/lib/netty-3.6.2.Final.jar
7f3c08750000-7f3c08759000 r--s 0006f000 08:01 32772114                   /home/ahmed/inchadoop2.7.2/hadoop-hdfs-project/hadoop-hdfs/target/hadoop-hdfs-2.7.2/share/hadoop/hdfs/lib/log4j-1.2.17.jar
7f3c08759000-7f3c08767000 r--s 000b1000 08:01 32772127                   /home/ahmed/inchadoop2.7.2/hadoop-hdfs-project/hadoop-hdfs/target/hadoop-hdfs-2.7.2/share/hadoop/hdfs/lib/jackson-mapper-asl-1.9.13.jar
7f3c08767000-7f3c08779000 r--s 0009d000 08:01 32772128                   /home/ahmed/inchadoop2.7.2/hadoop-hdfs-project/hadoop-hdfs/target/hadoop-hdfs-2.7.2/share/hadoop/hdfs/lib/jersey-server-1.9.jar
7f3c08779000-7f3c08781000 r--s 0007b000 08:01 32772131                   /home/ahmed/inchadoop2.7.2/hadoop-hdfs-project/hadoop-hdfs/target/hadoop-hdfs-2.7.2/share/hadoop/hdfs/lib/protobuf-java-2.5.0.jar
7f3c08781000-7f3c08782000 r--s 0000a000 08:01 32772129                   /home/ahmed/inchadoop2.7.2/hadoop-hdfs-project/hadoop-hdfs/target/hadoop-hdfs-2.7.2/share/hadoop/hdfs/lib/asm-3.2.jar
7f3c08782000-7f3c08784000 r--s 00009000 08:01 32772119                   /home/ahmed/inchadoop2.7.2/hadoop-hdfs-project/hadoop-hdfs/target/hadoop-hdfs-2.7.2/share/hadoop/hdfs/lib/commons-cli-1.2.jar
7f3c08784000-7f3c087a1000 r--s 00196000 08:01 32772134                   /home/ahmed/inchadoop2.7.2/hadoop-hdfs-project/hadoop-hdfs/target/hadoop-hdfs-2.7.2/share/hadoop/hdfs/lib/netty-all-4.0.23.Final.jar
7f3c087a1000-7f3c087b9000 r--s 00115000 08:01 32772135                   /home/ahmed/inchadoop2.7.2/hadoop-hdfs-project/hadoop-hdfs/target/hadoop-hdfs-2.7.2/share/hadoop/hdfs/lib/xercesImpl-2.9.1.jar
7f3c087b9000-7f3c087bb000 r--s 00018000 08:01 32772122                   /home/ahmed/inchadoop2.7.2/hadoop-hdfs-project/hadoop-hdfs/target/hadoop-hdfs-2.7.2/share/hadoop/hdfs/lib/servlet-api-2.5.jar
7f3c087bb000-7f3c087d8000 r--s 001af000 08:01 32768673                   /home/ahmed/inchadoop2.7.2/hadoop-common-project/hadoop-common/target/hadoop-common-2.7.2/share/hadoop/common/hadoop-common-2.7.2-tests.jar
7f3c087d8000-7f3c087dc000 r--s 00097000 08:01 60033912                   /usr/lib/jvm/java-8-openjdk-amd64/jre/lib/jsse.jar
7f3c087dc000-7f3c08812000 r--s 00313000 08:01 32768672                   /home/ahmed/inchadoop2.7.2/hadoop-common-project/hadoop-common/target/hadoop-common-2.7.2/share/hadoop/common/hadoop-common-2.7.2.jar
7f3c08812000-7f3c08816000 r--s 0002a000 08:01 32768703                   /home/ahmed/inchadoop2.7.2/hadoop-common-project/hadoop-common/target/hadoop-common-2.7.2/share/hadoop/common/lib/commons-io-2.4.jar
7f3c08816000-7f3c0882f000 r--s 00150000 08:01 32768753                   /home/ahmed/inchadoop2.7.2/hadoop-common-project/hadoop-common/target/hadoop-common-2.7.2/share/hadoop/common/lib/htrace-core-3.1.0-incubating.jar
7f3c0882f000-7f3c08841000 r--s 00097000 08:01 32768743                   /home/ahmed/inchadoop2.7.2/hadoop-common-project/hadoop-common/target/hadoop-common-2.7.2/share/hadoop/common/lib/apacheds-kerberos-codec-2.0.0-M15.jar
7f3c08841000-7f3c08845000 r--s 0002f000 08:01 32768732                   /home/ahmed/inchadoop2.7.2/hadoop-common-project/hadoop-common/target/hadoop-common-2.7.2/share/hadoop/common/lib/commons-beanutils-core-1.8.0.jar
7f3c08845000-7f3c08846000 r--s 00004000 08:01 32768727                   /home/ahmed/inchadoop2.7.2/hadoop-common-project/hadoop-common/target/hadoop-common-2.7.2/share/hadoop/common/lib/java-xmlbuilder-0.4.jar
7f3c08846000-7f3c08867000 r--s 00172000 08:01 32768695                   /home/ahmed/inchadoop2.7.2/hadoop-common-project/hadoop-common/target/hadoop-common-2.7.2/share/hadoop/common/lib/guava-11.0.2.jar
7f3c08867000-7f3c08868000 r--s 00004000 08:01 32768719                   /home/ahmed/inchadoop2.7.2/hadoop-common-project/hadoop-common/target/hadoop-common-2.7.2/share/hadoop/common/lib/jackson-jaxrs-1.9.13.jar
7f3c08868000-7f3c0886f000 r--s 0007d000 08:01 32768707                   /home/ahmed/inchadoop2.7.2/hadoop-common-project/hadoop-common/target/hadoop-common-2.7.2/share/hadoop/common/lib/jetty-6.1.26.jar
7f3c0886f000-7f3c08874000 r--s 0003e000 08:01 32768704                   /home/ahmed/inchadoop2.7.2/hadoop-common-project/hadoop-common/target/hadoop-common-2.7.2/share/hadoop/common/lib/commons-net-3.1.jar
7f3c08874000-7f3c08879000 r--s 0002a000 08:01 32768741                   /home/ahmed/inchadoop2.7.2/hadoop-common-project/hadoop-common/target/hadoop-common-2.7.2/share/hadoop/common/lib/gson-2.2.4.jar
7f3c08879000-7f3c0888c000 r--s 000c7000 08:01 32768713                   /home/ahmed/inchadoop2.7.2/hadoop-common-project/hadoop-common/target/hadoop-common-2.7.2/share/hadoop/common/lib/jaxb-impl-2.2.3-1.jar
7f3c0888c000-7f3c08898000 r--s 000b6000 08:01 32768747                   /home/ahmed/inchadoop2.7.2/hadoop-common-project/hadoop-common/target/hadoop-common-2.7.2/share/hadoop/common/lib/zookeeper-3.4.6.jar
7f3c08898000-7f3c0889d000 r--s 0002a000 08:01 32768731                   /home/ahmed/inchadoop2.7.2/hadoop-common-project/hadoop-common/target/hadoop-common-2.7.2/share/hadoop/common/lib/commons-beanutils-1.7.0.jar
7f3c0889d000-7f3c088a3000 r--s 00032000 08:01 32768726                   /home/ahmed/inchadoop2.7.2/hadoop-common-project/hadoop-common/target/hadoop-common-2.7.2/share/hadoop/common/lib/httpcore-4.2.5.jar
7f3c088a3000-7f3c088a9000 r--s 00045000 08:01 32768700                   /home/ahmed/inchadoop2.7.2/hadoop-common-project/hadoop-common/target/hadoop-common-2.7.2/share/hadoop/common/lib/commons-httpclient-3.1.jar
7f3c088a9000-7f3c088aa000 r--s 00007000 08:01 32768733                   /home/ahmed/inchadoop2.7.2/hadoop-common-project/hadoop-common/target/hadoop-common-2.7.2/share/hadoop/common/lib/slf4j-api-1.7.10.jar
7f3c088aa000-7f3c088af000 r--s 00041000 08:01 32768728                   /home/ahmed/inchadoop2.7.2/hadoop-common-project/hadoop-common/target/hadoop-common-2.7.2/share/hadoop/common/lib/commons-lang-2.6.jar
7f3c088af000-7f3c088b1000 r--s 0000e000 08:01 32768701                   /home/ahmed/inchadoop2.7.2/hadoop-common-project/hadoop-common/target/hadoop-common-2.7.2/share/hadoop/common/lib/commons-logging-1.1.3.jar
7f3c088b1000-7f3c088b4000 r--s 0000f000 08:01 32768742                   /home/ahmed/inchadoop2.7.2/hadoop-common-project/hadoop-common/target/hadoop-common-2.7.2/share/hadoop/common/lib/hadoop-auth-2.7.2.jar
7f3c088b4000-7f3c088ba000 r--s 00043000 08:01 32768729                   /home/ahmed/inchadoop2.7.2/hadoop-common-project/hadoop-common/target/hadoop-common-2.7.2/share/hadoop/common/lib/commons-configuration-1.6.jar
7f3c088ba000-7f3c088bb000 r--s 00003000 08:01 32768699                   /home/ahmed/inchadoop2.7.2/hadoop-common-project/hadoop-common/target/hadoop-common-2.7.2/share/hadoop/common/lib/xmlenc-0.52.jar
7f3c088bb000-7f3c088c0000 r--s 00036000 08:01 32768738                   /home/ahmed/inchadoop2.7.2/hadoop-common-project/hadoop-common/target/hadoop-common-2.7.2/share/hadoop/common/lib/commons-compress-1.4.1.jar
7f3c088c0000-7f3c088c4000 r--s 00020000 08:01 32768730                   /home/ahmed/inchadoop2.7.2/hadoop-common-project/hadoop-common/target/hadoop-common-2.7.2/share/hadoop/common/lib/commons-digester-1.8.jar
7f3c088c4000-7f3c088c5000 r--s 00006000 08:01 32768720                   /home/ahmed/inchadoop2.7.2/hadoop-common-project/hadoop-common/target/hadoop-common-2.7.2/share/hadoop/common/lib/jackson-xc-1.9.13.jar
7f3c088c5000-7f3c088c7000 r--s 0000e000 08:01 32768716                   /home/ahmed/inchadoop2.7.2/hadoop-common-project/hadoop-common/target/hadoop-common-2.7.2/share/hadoop/common/lib/activation-1.1.jar
7f3c088c7000-7f3c088cf000 r--s 0003b000 08:01 32768752                   /home/ahmed/inchadoop2.7.2/hadoop-common-project/hadoop-common/target/hadoop-common-2.7.2/share/hadoop/common/lib/curator-recipes-2.7.1.jar
7f3c088cf000-7f3c088d3000 r--s 00014000 08:01 32768739                   /home/ahmed/inchadoop2.7.2/hadoop-common-project/hadoop-common/target/hadoop-common-2.7.2/share/hadoop/common/lib/xz-1.0.jar
7f3c088d3000-7f3c088d6000 r--s 00006000 08:01 32768696                   /home/ahmed/inchadoop2.7.2/hadoop-common-project/hadoop-common/target/hadoop-common-2.7.2/share/hadoop/common/lib/jsr305-3.0.0.jar
7f3c088d6000-7f3c088d8000 r--s 0000d000 08:01 32768702                   /home/ahmed/inchadoop2.7.2/hadoop-common-project/hadoop-common/target/hadoop-common-2.7.2/share/hadoop/common/lib/commons-codec-1.4.jar
7f3c088d8000-7f3c088e2000 r--s 00066000 08:01 32768710                   /home/ahmed/inchadoop2.7.2/hadoop-common-project/hadoop-common/target/hadoop-common-2.7.2/share/hadoop/common/lib/jersey-core-1.9.jar
7f3c088e2000-7f3c088e6000 r--s 00035000 08:01 32768717                   /home/ahmed/inchadoop2.7.2/hadoop-common-project/hadoop-common/target/hadoop-common-2.7.2/share/hadoop/common/lib/jackson-core-asl-1.9.13.jar
7f3c088e6000-7f3c088ef000 r--s 0007b000 08:01 32768724                   /home/ahmed/inchadoop2.7.2/hadoop-common-project/hadoop-common/target/hadoop-common-2.7.2/share/hadoop/common/lib/jets3t-0.9.0.jar
7f3c088ef000-7f3c088f1000 r--s 00006000 08:01 32768736                   /home/ahmed/inchadoop2.7.2/hadoop-common-project/hadoop-common/target/hadoop-common-2.7.2/share/hadoop/common/lib/paranamer-2.3.jar
7f3c088f1000-7f3c088f5000 r--s 00028000 08:01 32768708                   /home/ahmed/inchadoop2.7.2/hadoop-common-project/hadoop-common/target/hadoop-common-2.7.2/share/hadoop/common/lib/jetty-util-6.1.26.jar
7f3c088f5000-7f3c0890c000 r--s 0010e000 08:01 32768748                   /home/ahmed/inchadoop2.7.2/hadoop-common-project/hadoop-common/target/hadoop-common-2.7.2/share/hadoop/common/lib/netty-3.6.2.Final.jar
7f3c0890c000-7f3c0890f000 r--s 00016000 08:01 32768709                   /home/ahmed/inchadoop2.7.2/hadoop-common-project/hadoop-common/target/hadoop-common-2.7.2/share/hadoop/common/lib/jsp-api-2.1.jar
7f3c0890f000-7f3c08911000 r--s 00003000 08:01 32768694                   /home/ahmed/inchadoop2.7.2/hadoop-common-project/hadoop-common/target/hadoop-common-2.7.2/share/hadoop/common/lib/hadoop-annotations-2.7.2.jar
7f3c08911000-7f3c08913000 r--s 00012000 08:01 32768746                   /home/ahmed/inchadoop2.7.2/hadoop-common-project/hadoop-common/target/hadoop-common-2.7.2/share/hadoop/common/lib/api-util-1.0.0-M20.jar
7f3c08913000-7f3c0891c000 r--s 0006f000 08:01 32768723                   /home/ahmed/inchadoop2.7.2/hadoop-common-project/hadoop-common/target/hadoop-common-2.7.2/share/hadoop/common/lib/log4j-1.2.17.jar
7f3c0891c000-7f3c0891f000 r--s 00017000 08:01 32768714                   /home/ahmed/inchadoop2.7.2/hadoop-common-project/hadoop-common/target/hadoop-common-2.7.2/share/hadoop/common/lib/jaxb-api-2.2.2.jar
7f3c0891f000-7f3c08921000 r--s 000f2000 08:01 32768737                   /home/ahmed/inchadoop2.7.2/hadoop-common-project/hadoop-common/target/hadoop-common-2.7.2/share/hadoop/common/lib/snappy-java-1.0.4.1.jar
7f3c08921000-7f3c08928000 r--s 00044000 08:01 32768735                   /home/ahmed/inchadoop2.7.2/hadoop-common-project/hadoop-common/target/hadoop-common-2.7.2/share/hadoop/common/lib/avro-1.7.4.jar
7f3c08928000-7f3c0892a000 r--s 00004000 08:01 32768715                   /home/ahmed/inchadoop2.7.2/hadoop-common-project/hadoop-common/target/hadoop-common-2.7.2/share/hadoop/common/lib/stax-api-1.0-2.jar
7f3c0892a000-7f3c0892e000 r--s 00021000 08:01 32768711                   /home/ahmed/inchadoop2.7.2/hadoop-common-project/hadoop-common/target/hadoop-common-2.7.2/share/hadoop/common/lib/jersey-json-1.9.jar
7f3c0892e000-7f3c08930000 r--s 0000f000 08:01 32768712                   /home/ahmed/inchadoop2.7.2/hadoop-common-project/hadoop-common/target/hadoop-common-2.7.2/share/hadoop/common/lib/jettison-1.1.jar
7f3c08930000-7f3c0893e000 r--s 000b1000 08:01 32768718                   /home/ahmed/inchadoop2.7.2/hadoop-common-project/hadoop-common/target/hadoop-common-2.7.2/share/hadoop/common/lib/jackson-mapper-asl-1.9.13.jar
7f3c0893e000-7f3c08950000 r--s 0009d000 08:01 32768721                   /home/ahmed/inchadoop2.7.2/hadoop-common-project/hadoop-common/target/hadoop-common-2.7.2/share/hadoop/common/lib/jersey-server-1.9.jar
7f3c08950000-7f3c08958000 r--s 0007b000 08:01 32768740                   /home/ahmed/inchadoop2.7.2/hadoop-common-project/hadoop-common/target/hadoop-common-2.7.2/share/hadoop/common/lib/protobuf-java-2.5.0.jar
7f3c08958000-7f3c08959000 r--s 0000a000 08:01 32768744                   /home/ahmed/inchadoop2.7.2/hadoop-common-project/hadoop-common/target/hadoop-common-2.7.2/share/hadoop/common/lib/apacheds-i18n-2.0.0-M15.jar
7f3c08959000-7f3c0895a000 r--s 0000a000 08:01 32768722                   /home/ahmed/inchadoop2.7.2/hadoop-common-project/hadoop-common/target/hadoop-common-2.7.2/share/hadoop/common/lib/asm-3.2.jar
7f3c0895a000-7f3c0895c000 r--s 00009000 08:01 32768697                   /home/ahmed/inchadoop2.7.2/hadoop-common-project/hadoop-common/target/hadoop-common-2.7.2/share/hadoop/common/lib/commons-cli-1.2.jar
7f3c0895c000-7f3c0895f000 r--s 0002b000 08:01 32768751                   /home/ahmed/inchadoop2.7.2/hadoop-common-project/hadoop-common/target/hadoop-common-2.7.2/share/hadoop/common/lib/jsch-0.1.42.jar
7f3c0895f000-7f3c0896c000 r--s 00083000 08:01 32768705                   /home/ahmed/inchadoop2.7.2/hadoop-common-project/hadoop-common/target/hadoop-common-2.7.2/share/hadoop/common/lib/commons-collections-3.2.2.jar
7f3c0896c000-7f3c08972000 r--s 00028000 08:01 32768749                   /home/ahmed/inchadoop2.7.2/hadoop-common-project/hadoop-common/target/hadoop-common-2.7.2/share/hadoop/common/lib/curator-framework-2.7.1.jar
7f3c08972000-7f3c0897b000 r--s 00061000 08:01 32768725                   /home/ahmed/inchadoop2.7.2/hadoop-common-project/hadoop-common/target/hadoop-common-2.7.2/share/hadoop/common/lib/httpclient-4.2.5.jar
7f3c0897b000-7f3c0897d000 r--s 00003000 08:01 32768745                   /home/ahmed/inchadoop2.7.2/hadoop-common-project/hadoop-common/target/hadoop-common-2.7.2/share/hadoop/common/lib/api-asn1-api-1.0.0-M20.jar
7f3c0897d000-7f3c0897f000 r--s 0000f000 08:01 32768750                   /home/ahmed/inchadoop2.7.2/hadoop-common-project/hadoop-common/target/hadoop-common-2.7.2/share/hadoop/common/lib/curator-client-2.7.1.jar
7f3c0897f000-7f3c0899c000 r--s 0016a000 08:01 32768698                   /home/ahmed/inchadoop2.7.2/hadoop-common-project/hadoop-common/target/hadoop-common-2.7.2/share/hadoop/common/lib/commons-math3-3.1.1.jar
7f3c0899c000-7f3c089a1000 r--s 0003b000 08:01 60033907                   /usr/lib/jvm/java-8-openjdk-amd64/jre/lib/ext/sunjce_provider.jar
7f3c089a1000-7f3c089bc000 r--s 001d7000 08:01 60033901                   /usr/lib/jvm/java-8-openjdk-amd64/jre/lib/ext/nashorn.jar
7f3c089bc000-7f3c089d8000 r--s 00393000 08:01 60033903                   /usr/lib/jvm/java-8-openjdk-amd64/jre/lib/ext/cldrdata.jar
7f3c089d8000-7f3c089d9000 ---p 00000000 00:00 0 
7f3c089d9000-7f3c08ad9000 rw-p 00000000 00:00 0 
7f3c08ad9000-7f3c08adc000 ---p 00000000 00:00 0 
7f3c08adc000-7f3c08bda000 rw-p 00000000 00:00 0 
7f3c08bda000-7f3c08bdd000 ---p 00000000 00:00 0 
7f3c08bdd000-7f3c08cdb000 rw-p 00000000 00:00 0 
7f3c08cdb000-7f3c08cde000 ---p 00000000 00:00 0 
7f3c08cde000-7f3c08ddc000 rw-p 00000000 00:00 0 
7f3c08ddc000-7f3c08ddf000 ---p 00000000 00:00 0 
7f3c08ddf000-7f3c08edd000 rw-p 00000000 00:00 0 
7f3c08edd000-7f3c0989c000 r--p 00000000 08:01 59906853                   /usr/lib/locale/locale-archive
7f3c0989c000-7f3c0989f000 ---p 00000000 00:00 0 
7f3c0989f000-7f3c0999d000 rw-p 00000000 00:00 0 
7f3c0999d000-7f3c099a0000 ---p 00000000 00:00 0 
7f3c099a0000-7f3c09a9e000 rw-p 00000000 00:00 0 
7f3c09a9e000-7f3c09a9f000 ---p 00000000 00:00 0 
7f3c09a9f000-7f3c09bec000 rw-p 00000000 00:00 0 
7f3c09bec000-7f3c09dba000 r--s 03beb000 08:01 60033889                   /usr/lib/jvm/java-8-openjdk-amd64/jre/lib/rt.jar
7f3c09dba000-7f3c0a68b000 rw-p 00000000 00:00 0 
7f3c0a68b000-7f3c0a6b8000 rw-p 00000000 00:00 0 
7f3c0a6b8000-7f3c0a6e0000 ---p 00000000 00:00 0 
7f3c0a6e0000-7f3c0a73a000 rw-p 00000000 00:00 0 
7f3c0a73a000-7f3c0a78b000 ---p 00000000 00:00 0 
7f3c0a78b000-7f3c0a7a3000 rw-p 00000000 00:00 0 
7f3c0a7a3000-7f3c0ab4c000 ---p 00000000 00:00 0 
7f3c0ab4c000-7f3c0ab54000 r-xp 00000000 08:01 60033857                   /usr/lib/jvm/java-8-openjdk-amd64/jre/lib/amd64/libzip.so
7f3c0ab54000-7f3c0ad53000 ---p 00008000 08:01 60033857                   /usr/lib/jvm/java-8-openjdk-amd64/jre/lib/amd64/libzip.so
7f3c0ad53000-7f3c0ad54000 r--p 00007000 08:01 60033857                   /usr/lib/jvm/java-8-openjdk-amd64/jre/lib/amd64/libzip.so
7f3c0ad54000-7f3c0ad55000 rw-p 00008000 08:01 60033857                   /usr/lib/jvm/java-8-openjdk-amd64/jre/lib/amd64/libzip.so
7f3c0ad55000-7f3c0ad60000 r-xp 00000000 08:01 45748613                   /lib/x86_64-linux-gnu/libnss_files-2.23.so
7f3c0ad60000-7f3c0af5f000 ---p 0000b000 08:01 45748613                   /lib/x86_64-linux-gnu/libnss_files-2.23.so
7f3c0af5f000-7f3c0af60000 r--p 0000a000 08:01 45748613                   /lib/x86_64-linux-gnu/libnss_files-2.23.so
7f3c0af60000-7f3c0af61000 rw-p 0000b000 08:01 45748613                   /lib/x86_64-linux-gnu/libnss_files-2.23.so
7f3c0af61000-7f3c0af67000 rw-p 00000000 00:00 0 
7f3c0af67000-7f3c0af72000 r-xp 00000000 08:01 45748623                   /lib/x86_64-linux-gnu/libnss_nis-2.23.so
7f3c0af72000-7f3c0b171000 ---p 0000b000 08:01 45748623                   /lib/x86_64-linux-gnu/libnss_nis-2.23.so
7f3c0b171000-7f3c0b172000 r--p 0000a000 08:01 45748623                   /lib/x86_64-linux-gnu/libnss_nis-2.23.so
7f3c0b172000-7f3c0b173000 rw-p 0000b000 08:01 45748623                   /lib/x86_64-linux-gnu/libnss_nis-2.23.so
7f3c0b173000-7f3c0b189000 r-xp 00000000 08:01 45748607                   /lib/x86_64-linux-gnu/libnsl-2.23.so
7f3c0b189000-7f3c0b388000 ---p 00016000 08:01 45748607                   /lib/x86_64-linux-gnu/libnsl-2.23.so
7f3c0b388000-7f3c0b389000 r--p 00015000 08:01 45748607                   /lib/x86_64-linux-gnu/libnsl-2.23.so
7f3c0b389000-7f3c0b38a000 rw-p 00016000 08:01 45748607                   /lib/x86_64-linux-gnu/libnsl-2.23.so
7f3c0b38a000-7f3c0b38c000 rw-p 00000000 00:00 0 
7f3c0b38c000-7f3c0b394000 r-xp 00000000 08:01 45748609                   /lib/x86_64-linux-gnu/libnss_compat-2.23.so
7f3c0b394000-7f3c0b593000 ---p 00008000 08:01 45748609                   /lib/x86_64-linux-gnu/libnss_compat-2.23.so
7f3c0b593000-7f3c0b594000 r--p 00007000 08:01 45748609                   /lib/x86_64-linux-gnu/libnss_compat-2.23.so
7f3c0b594000-7f3c0b595000 rw-p 00008000 08:01 45748609                   /lib/x86_64-linux-gnu/libnss_compat-2.23.so
7f3c0b595000-7f3c0b5c2000 r-xp 00000000 08:01 60033842                   /usr/lib/jvm/java-8-openjdk-amd64/jre/lib/amd64/libjava.so
7f3c0b5c2000-7f3c0b7c1000 ---p 0002d000 08:01 60033842                   /usr/lib/jvm/java-8-openjdk-amd64/jre/lib/amd64/libjava.so
7f3c0b7c1000-7f3c0b7c2000 r--p 0002c000 08:01 60033842                   /usr/lib/jvm/java-8-openjdk-amd64/jre/lib/amd64/libjava.so
7f3c0b7c2000-7f3c0b7c4000 rw-p 0002d000 08:01 60033842                   /usr/lib/jvm/java-8-openjdk-amd64/jre/lib/amd64/libjava.so
7f3c0b7c4000-7f3c0b7d3000 r-xp 00000000 08:01 60033843                   /usr/lib/jvm/java-8-openjdk-amd64/jre/lib/amd64/libverify.so
7f3c0b7d3000-7f3c0b9d2000 ---p 0000f000 08:01 60033843                   /usr/lib/jvm/java-8-openjdk-amd64/jre/lib/amd64/libverify.so
7f3c0b9d2000-7f3c0b9d4000 r--p 0000e000 08:01 60033843                   /usr/lib/jvm/java-8-openjdk-amd64/jre/lib/amd64/libverify.so
7f3c0b9d4000-7f3c0b9d5000 rw-p 00010000 08:01 60033843                   /usr/lib/jvm/java-8-openjdk-amd64/jre/lib/amd64/libverify.so
7f3c0b9d5000-7f3c0b9dc000 r-xp 00000000 08:01 45748668                   /lib/x86_64-linux-gnu/librt-2.23.so
7f3c0b9dc000-7f3c0bbdb000 ---p 00007000 08:01 45748668                   /lib/x86_64-linux-gnu/librt-2.23.so
7f3c0bbdb000-7f3c0bbdc000 r--p 00006000 08:01 45748668                   /lib/x86_64-linux-gnu/librt-2.23.so
7f3c0bbdc000-7f3c0bbdd000 rw-p 00007000 08:01 45748668                   /lib/x86_64-linux-gnu/librt-2.23.so
7f3c0bbdd000-7f3c0bbf3000 r-xp 00000000 08:01 45748552                   /lib/x86_64-linux-gnu/libgcc_s.so.1
7f3c0bbf3000-7f3c0bdf2000 ---p 00016000 08:01 45748552                   /lib/x86_64-linux-gnu/libgcc_s.so.1
7f3c0bdf2000-7f3c0bdf3000 rw-p 00015000 08:01 45748552                   /lib/x86_64-linux-gnu/libgcc_s.so.1
7f3c0bdf3000-7f3c0befb000 r-xp 00000000 08:01 45748584                   /lib/x86_64-linux-gnu/libm-2.23.so
7f3c0befb000-7f3c0c0fa000 ---p 00108000 08:01 45748584                   /lib/x86_64-linux-gnu/libm-2.23.so
7f3c0c0fa000-7f3c0c0fb000 r--p 00107000 08:01 45748584                   /lib/x86_64-linux-gnu/libm-2.23.so
7f3c0c0fb000-7f3c0c0fc000 rw-p 00108000 08:01 45748584                   /lib/x86_64-linux-gnu/libm-2.23.so
7f3c0c0fc000-7f3c0c26e000 r-xp 00000000 08:01 59901949                   /usr/lib/x86_64-linux-gnu/libstdc++.so.6.0.21
7f3c0c26e000-7f3c0c46e000 ---p 00172000 08:01 59901949                   /usr/lib/x86_64-linux-gnu/libstdc++.so.6.0.21
7f3c0c46e000-7f3c0c478000 r--p 00172000 08:01 59901949                   /usr/lib/x86_64-linux-gnu/libstdc++.so.6.0.21
7f3c0c478000-7f3c0c47a000 rw-p 0017c000 08:01 59901949                   /usr/lib/x86_64-linux-gnu/libstdc++.so.6.0.21
7f3c0c47a000-7f3c0c47e000 rw-p 00000000 00:00 0 
7f3c0c47e000-7f3c0d0c4000 r-xp 00000000 08:01 60033855                   /usr/lib/jvm/java-8-openjdk-amd64/jre/lib/amd64/server/libjvm.so
7f3c0d0c4000-7f3c0d2c4000 ---p 00c46000 08:01 60033855                   /usr/lib/jvm/java-8-openjdk-amd64/jre/lib/amd64/server/libjvm.so
7f3c0d2c4000-7f3c0d357000 r--p 00c46000 08:01 60033855                   /usr/lib/jvm/java-8-openjdk-amd64/jre/lib/amd64/server/libjvm.so
7f3c0d357000-7f3c0d37f000 rw-p 00cd9000 08:01 60033855                   /usr/lib/jvm/java-8-openjdk-amd64/jre/lib/amd64/server/libjvm.so
7f3c0d37f000-7f3c0d3af000 rw-p 00000000 00:00 0 
7f3c0d3af000-7f3c0d3c7000 r-xp 00000000 08:01 45748660                   /lib/x86_64-linux-gnu/libpthread-2.23.so
7f3c0d3c7000-7f3c0d5c6000 ---p 00018000 08:01 45748660                   /lib/x86_64-linux-gnu/libpthread-2.23.so
7f3c0d5c6000-7f3c0d5c7000 r--p 00017000 08:01 45748660                   /lib/x86_64-linux-gnu/libpthread-2.23.so
7f3c0d5c7000-7f3c0d5c8000 rw-p 00018000 08:01 45748660                   /lib/x86_64-linux-gnu/libpthread-2.23.so
7f3c0d5c8000-7f3c0d5cc000 rw-p 00000000 00:00 0 
7f3c0d5cc000-7f3c0d5cf000 r-xp 00000000 08:01 45748538                   /lib/x86_64-linux-gnu/libdl-2.23.so
7f3c0d5cf000-7f3c0d7ce000 ---p 00003000 08:01 45748538                   /lib/x86_64-linux-gnu/libdl-2.23.so
7f3c0d7ce000-7f3c0d7cf000 r--p 00002000 08:01 45748538                   /lib/x86_64-linux-gnu/libdl-2.23.so
7f3c0d7cf000-7f3c0d7d0000 rw-p 00003000 08:01 45748538                   /lib/x86_64-linux-gnu/libdl-2.23.so
7f3c0d7d0000-7f3c0d7e9000 r-xp 00000000 08:01 45748705                   /lib/x86_64-linux-gnu/libz.so.1.2.8
7f3c0d7e9000-7f3c0d9e8000 ---p 00019000 08:01 45748705                   /lib/x86_64-linux-gnu/libz.so.1.2.8
7f3c0d9e8000-7f3c0d9e9000 r--p 00018000 08:01 45748705                   /lib/x86_64-linux-gnu/libz.so.1.2.8
7f3c0d9e9000-7f3c0d9ea000 rw-p 00019000 08:01 45748705                   /lib/x86_64-linux-gnu/libz.so.1.2.8
7f3c0d9ea000-7f3c0dbaa000 r-xp 00000000 08:01 45748514                   /lib/x86_64-linux-gnu/libc-2.23.so
7f3c0dbaa000-7f3c0dda9000 ---p 001c0000 08:01 45748514                   /lib/x86_64-linux-gnu/libc-2.23.so
7f3c0dda9000-7f3c0ddad000 r--p 001bf000 08:01 45748514                   /lib/x86_64-linux-gnu/libc-2.23.so
7f3c0ddad000-7f3c0ddaf000 rw-p 001c3000 08:01 45748514                   /lib/x86_64-linux-gnu/libc-2.23.so
7f3c0ddaf000-7f3c0ddb3000 rw-p 00000000 00:00 0 
7f3c0ddb3000-7f3c0ddc0000 r-xp 00000000 08:01 60033871                   /usr/lib/jvm/java-8-openjdk-amd64/jre/lib/amd64/jli/libjli.so
7f3c0ddc0000-7f3c0dfc0000 ---p 0000d000 08:01 60033871                   /usr/lib/jvm/java-8-openjdk-amd64/jre/lib/amd64/jli/libjli.so
7f3c0dfc0000-7f3c0dfc1000 r--p 0000d000 08:01 60033871                   /usr/lib/jvm/java-8-openjdk-amd64/jre/lib/amd64/jli/libjli.so
7f3c0dfc1000-7f3c0dfc2000 rw-p 0000e000 08:01 60033871                   /usr/lib/jvm/java-8-openjdk-amd64/jre/lib/amd64/jli/libjli.so
7f3c0dfc2000-7f3c0dfe8000 r-xp 00000000 08:01 45748486                   /lib/x86_64-linux-gnu/ld-2.23.so
7f3c0dfe8000-7f3c0dfea000 r--s 00001000 08:01 32768734                   /home/ahmed/inchadoop2.7.2/hadoop-common-project/hadoop-common/target/hadoop-common-2.7.2/share/hadoop/common/lib/slf4j-log4j12-1.7.10.jar
7f3c0dfea000-7f3c0dfec000 r--s 00018000 08:01 32768706                   /home/ahmed/inchadoop2.7.2/hadoop-common-project/hadoop-common/target/hadoop-common-2.7.2/share/hadoop/common/lib/servlet-api-2.5.jar
7f3c0dfec000-7f3c0dfef000 r--s 0000f000 08:01 60033908                   /usr/lib/jvm/java-8-openjdk-amd64/jre/lib/ext/icedtea-sound.jar
7f3c0dfef000-7f3c0dff1000 r--s 00001000 08:01 60033902                   /usr/lib/jvm/java-8-openjdk-amd64/jre/lib/ext/dnsns.jar
7f3c0dff1000-7f3c0dff2000 r--s 00010000 08:01 60033906                   /usr/lib/jvm/java-8-openjdk-amd64/jre/lib/ext/zipfs.jar
7f3c0dff2000-7f3c0dff6000 r--s 00037000 08:01 60033910                   /usr/lib/jvm/java-8-openjdk-amd64/jre/lib/ext/sunpkcs11.jar
7f3c0dff6000-7f3c0e078000 rw-p 00000000 00:00 0 
7f3c0e078000-7f3c0e0c9000 ---p 00000000 00:00 0 
7f3c0e0c9000-7f3c0e0cc000 ---p 00000000 00:00 0 
7f3c0e0cc000-7f3c0e1cf000 rw-p 00000000 00:00 0 
7f3c0e1cf000-7f3c0e1d0000 r--s 00008000 08:01 60033904                   /usr/lib/jvm/java-8-openjdk-amd64/jre/lib/ext/sunec.jar
7f3c0e1d0000-7f3c0e1d1000 r--s 0000a000 08:01 60033905                   /usr/lib/jvm/java-8-openjdk-amd64/jre/lib/ext/jaccess.jar
7f3c0e1d1000-7f3c0e1db000 r--s 00116000 08:01 60033909                   /usr/lib/jvm/java-8-openjdk-amd64/jre/lib/ext/localedata.jar
7f3c0e1db000-7f3c0e1e3000 rw-s 00000000 08:01 13631598                   /tmp/hsperfdata_ahmed/28052
7f3c0e1e3000-7f3c0e1e4000 rw-p 00000000 00:00 0 
7f3c0e1e4000-7f3c0e1e5000 ---p 00000000 00:00 0 
7f3c0e1e5000-7f3c0e1e7000 rw-p 00000000 00:00 0 
7f3c0e1e7000-7f3c0e1e8000 r--p 00025000 08:01 45748486                   /lib/x86_64-linux-gnu/ld-2.23.so
7f3c0e1e8000-7f3c0e1e9000 rw-p 00026000 08:01 45748486                   /lib/x86_64-linux-gnu/ld-2.23.so
7f3c0e1e9000-7f3c0e1ea000 rw-p 00000000 00:00 0 
7fff9935d000-7fff99380000 rw-p 00000000 00:00 0                          [stack]
7fff9938e000-7fff99390000 r--p 00000000 00:00 0                          [vvar]
7fff99390000-7fff99392000 r-xp 00000000 00:00 0                          [vdso]
ffffffffff600000-ffffffffff601000 r-xp 00000000 00:00 0                  [vsyscall]

VM Arguments:
jvm_args: -Xmx1000m -Djava.net.preferIPv4Stack=true -Dhadoop.log.dir=/home/ahmed/inchadoop2.7.2/hadoop-common-project/hadoop-common/target/hadoop-common-2.7.2/logs -Dhadoop.log.file=hadoop.log -Dhadoop.home.dir=/home/ahmed/inchadoop2.7.2/hadoop-common-project/hadoop-common/target/hadoop-common-2.7.2 -Dhadoop.id.str=ahmed -Dhadoop.root.logger=INFO,console -Dhadoop.policy.file=hadoop-policy.xml -Djava.net.preferIPv4Stack=true -Xmx512m -Dhadoop.security.logger=INFO,NullAppender 
java_command: org.apache.hadoop.util.RunJar pigperf.jar org.apache.pig.test.utils.datagen.DataGenerator -m 90 -r 100000 -f pages625m s:20:1600000:z:7 i:1:2:u:0 i:1:20:z:0 s:10:1800000:z:20 l:1:1000000:z:0 l:1:86400:z:0 d:1:100000:z:5 m:10:1:z:0 bm:10:1:z:20
java_class_path (initial): /home/ahmed/hadoop_conf:/home/ahmed/inchadoop2.7.2/hadoop-common-project/hadoop-common/target/hadoop-common-2.7.2/share/hadoop/common/lib/servlet-api-2.5.jar:/home/ahmed/inchadoop2.7.2/hadoop-common-project/hadoop-common/target/hadoop-common-2.7.2/share/hadoop/common/lib/commons-math3-3.1.1.jar:/home/ahmed/inchadoop2.7.2/hadoop-common-project/hadoop-common/target/hadoop-common-2.7.2/share/hadoop/common/lib/slf4j-log4j12-1.7.10.jar:/home/ahmed/inchadoop2.7.2/hadoop-common-project/hadoop-common/target/hadoop-common-2.7.2/share/hadoop/common/lib/curator-client-2.7.1.jar:/home/ahmed/inchadoop2.7.2/hadoop-common-project/hadoop-common/target/hadoop-common-2.7.2/share/hadoop/common/lib/api-asn1-api-1.0.0-M20.jar:/home/ahmed/inchadoop2.7.2/hadoop-common-project/hadoop-common/target/hadoop-common-2.7.2/share/hadoop/common/lib/httpclient-4.2.5.jar:/home/ahmed/inchadoop2.7.2/hadoop-common-project/hadoop-common/target/hadoop-common-2.7.2/share/hadoop/common/lib/curator-framework-2.7.1.jar:/home/ahmed/inchadoop2.7.2/hadoop-common-project/hadoop-common/target/hadoop-common-2.7.2/share/hadoop/common/lib/commons-collections-3.2.2.jar:/home/ahmed/inchadoop2.7.2/hadoop-common-project/hadoop-common/target/hadoop-common-2.7.2/share/hadoop/common/lib/jsch-0.1.42.jar:/home/ahmed/inchadoop2.7.2/hadoop-common-project/hadoop-common/target/hadoop-common-2.7.2/share/hadoop/common/lib/commons-cli-1.2.jar:/home/ahmed/inchadoop2.7.2/hadoop-common-project/hadoop-common/target/hadoop-common-2.7.2/share/hadoop/common/lib/asm-3.2.jar:/home/ahmed/inchadoop2.7.2/hadoop-common-project/hadoop-common/target/hadoop-common-2.7.2/share/hadoop/common/lib/apacheds-i18n-2.0.0-M15.jar:/home/ahmed/inchadoop2.7.2/hadoop-common-project/hadoop-common/target/hadoop-common-2.7.2/share/hadoop/common/lib/protobuf-java-2.5.0.jar:/home/ahmed/inchadoop2.7.2/hadoop-common-project/hadoop-common/target/hadoop-common-2.7.2/share/hadoop/common/lib/jersey-server-1.9.jar:/home/ahmed/inchadoop2.7.2/ha
Launcher Type: SUN_STANDARD

Environment Variables:
JAVA_HOME=/usr/lib/jvm/java-8-openjdk-amd64
CLASSPATH=/home/ahmed/hadoop_conf:/home/ahmed/inchadoop2.7.2/hadoop-common-project/hadoop-common/target/hadoop-common-2.7.2/share/hadoop/common/lib/*:/home/ahmed/inchadoop2.7.2/hadoop-common-project/hadoop-common/target/hadoop-common-2.7.2/share/hadoop/common/*:/home/ahmed/inchadoop2.7.2/hadoop-hdfs-project/hadoop-hdfs/target/hadoop-hdfs-2.7.2/share/hadoop/hdfs:/home/ahmed/inchadoop2.7.2/hadoop-hdfs-project/hadoop-hdfs/target/hadoop-hdfs-2.7.2/share/hadoop/hdfs/lib/*:/home/ahmed/inchadoop2.7.2/hadoop-hdfs-project/hadoop-hdfs/target/hadoop-hdfs-2.7.2/share/hadoop/hdfs/*:/home/ahmed/inchadoop2.7.2/hadoop-yarn-project/target/hadoop-yarn-project-2.7.2/share/hadoop/yarn/lib/*:/home/ahmed/inchadoop2.7.2/hadoop-yarn-project/target/hadoop-yarn-project-2.7.2/share/hadoop/yarn/*:/home/ahmed/inchadoop2.7.2/hadoop-mapreduce-project/target/hadoop-mapreduce-2.7.2/share/hadoop/mapreduce/lib/*:/home/ahmed/inchadoop2.7.2/hadoop-mapreduce-project/target/hadoop-mapreduce-2.7.2/share/hadoop/mapreduce/*::/home/ahmed/pig/pig.jar:/home/ahmed/pig/lib/sdsuLibJKD12.jar:pigperf.jar:/home/ahmed/inchadoop2.7.2/contrib/capacity-scheduler/*.jar
PATH=/home/ahmed/pig/bin:/home/ahmed/inchadoop2.7.2/hadoop-common-project/hadoop-common/target/hadoop-common-2.7.2/bin:/home/ahmed/inchadoop2.7.2/hadoop-hdfs-project/hadoop-hdfs/target/hadoop-hdfs-2.7.2/bin:/home/ahmed/inchadoop2.7.2/hadoop-mapreduce-project/target/hadoop-mapreduce-2.7.2/bin:/home/ahmed/pig/bin:/home/ahmed/inchadoop2.7.2/hadoop-common-project/hadoop-common/target/hadoop-common-2.7.2/bin:/home/ahmed/inchadoop2.7.2/hadoop-hdfs-project/hadoop-hdfs/target/hadoop-hdfs-2.7.2/bin:/home/ahmed/inchadoop2.7.2/hadoop-mapreduce-project/target/hadoop-mapreduce-2.7.2/bin:/home/ahmed/inchadoop2.7.2/hadoop-common-project/hadoop-common/target/hadoop-common-2.7.2/bin:/home/ahmed/inchadoop2.7.2/hadoop-hdfs-project/hadoop-hdfs/target/hadoop-hdfs-2.7.2/bin:/home/ahmed/inchadoop2.7.2/hadoop-mapreduce-project/target/hadoop-mapreduce-2.7.2/bin:/home/ahmed/inchadoop2.7.2/hadoop-common-project/hadoop-common/target/hadoop-common-2.7.2/bin:/home/ahmed/inchadoop2.7.2/hadoop-hdfs-project/hadoop-hdfs/target/hadoop-hdfs-2.7.2/bin:/home/ahmed/inchadoop2.7.2/hadoop-mapreduce-project/target/hadoop-mapreduce-2.7.2/bin:/home/ahmed/bin:/home/ahmed/.local/bin:/usr/local/sbin:/usr/local/bin:/usr/sbin:/usr/bin:/sbin:/bin:/usr/games:/usr/local/games:/snap/bin:/home/ahmed/streamrestore/bin:/home/ahmed/pig/bin
SHELL=/bin/bash
DISPLAY=:0

Signal Handlers:
SIGSEGV: [libjvm.so+0xa5e970], sa_mask[0]=11111111011111111101111111111110, sa_flags=SA_RESTART|SA_SIGINFO
SIGBUS: [libjvm.so+0xa5e970], sa_mask[0]=11111111011111111101111111111110, sa_flags=SA_RESTART|SA_SIGINFO
SIGFPE: [libjvm.so+0x8a9ff0], sa_mask[0]=11111111011111111101111111111110, sa_flags=SA_RESTART|SA_SIGINFO
SIGPIPE: [libjvm.so+0x8a9ff0], sa_mask[0]=11111111011111111101111111111110, sa_flags=SA_RESTART|SA_SIGINFO
SIGXFSZ: [libjvm.so+0x8a9ff0], sa_mask[0]=11111111011111111101111111111110, sa_flags=SA_RESTART|SA_SIGINFO
SIGILL: [libjvm.so+0x8a9ff0], sa_mask[0]=11111111011111111101111111111110, sa_flags=SA_RESTART|SA_SIGINFO
SIGUSR1: SIG_DFL, sa_mask[0]=00000000000000000000000000000000, sa_flags=none
SIGUSR2: [libjvm.so+0x8a9ea0], sa_mask[0]=00000000000000000000000000000000, sa_flags=SA_RESTART|SA_SIGINFO
SIGHUP: [libjvm.so+0x8aa370], sa_mask[0]=11111111011111111101111111111110, sa_flags=SA_RESTART|SA_SIGINFO
SIGINT: [libjvm.so+0x8aa370], sa_mask[0]=11111111011111111101111111111110, sa_flags=SA_RESTART|SA_SIGINFO
SIGTERM: [libjvm.so+0x8aa370], sa_mask[0]=11111111011111111101111111111110, sa_flags=SA_RESTART|SA_SIGINFO
SIGQUIT: [libjvm.so+0x8aa370], sa_mask[0]=11111111011111111101111111111110, sa_flags=SA_RESTART|SA_SIGINFO


---------------  S Y S T E M  ---------------

OS:DISTRIB_ID=Ubuntu
DISTRIB_RELEASE=16.04
DISTRIB_CODENAME=xenial
DISTRIB_DESCRIPTION="Ubuntu 16.04.1 LTS"

uname:Linux 4.4.0-36-generic #55-Ubuntu SMP Thu Aug 11 18:01:55 UTC 2016 x86_64
libc:glibc 2.23 NPTL 2.23 
rlimit: STACK 8192k, CORE 0k, NPROC 7851, NOFILE 65536, AS infinity
load average:1.64 2.15 1.96

/proc/meminfo:
MemTotal:        2048456 kB
MemFree:           64820 kB
MemAvailable:      28588 kB
Buffers:            1508 kB
Cached:            63740 kB
SwapCached:        16908 kB
Active:          1359880 kB
Inactive:         499624 kB
Active(anon):    1345740 kB
Inactive(anon):   460284 kB
Active(file):      14140 kB
Inactive(file):    39340 kB
Unevictable:          16 kB
Mlocked:              16 kB
SwapTotal:       2095100 kB
SwapFree:           1188 kB
Dirty:              3812 kB
Writeback:             0 kB
AnonPages:       1777360 kB
Mapped:            29544 kB
Shmem:             11760 kB
Slab:              50720 kB
SReclaimable:      24780 kB
SUnreclaim:        25940 kB
KernelStack:       14144 kB
PageTables:        38728 kB
NFS_Unstable:          0 kB
Bounce:                0 kB
WritebackTmp:          0 kB
CommitLimit:     3119328 kB
Committed_AS:    7086912 kB
VmallocTotal:   34359738367 kB
VmallocUsed:           0 kB
VmallocChunk:          0 kB
HardwareCorrupted:     0 kB
AnonHugePages:    786432 kB
CmaTotal:              0 kB
CmaFree:               0 kB
HugePages_Total:       0
HugePages_Free:        0
HugePages_Rsvd:        0
HugePages_Surp:        0
Hugepagesize:       2048 kB
DirectMap4k:      100288 kB
DirectMap2M:     1996800 kB


CPU:total 1 (1 cores per cpu, 1 threads per core) family 6 model 69 stepping 1, cmov, cx8, fxsr, mmx, sse, sse2, sse3, ssse3, sse4.1, sse4.2, popcnt, avx, aes, clmul, lzcnt, tsc, tscinvbit

/proc/cpuinfo:
processor	: 0
vendor_id	: GenuineIntel
cpu family	: 6
model		: 69
model name	: Intel(R) Core(TM) i7-4650U CPU @ 1.70GHz
stepping	: 1
cpu MHz		: 2300.000
cache size	: 4096 KB
physical id	: 0
siblings	: 1
core id		: 0
cpu cores	: 1
apicid		: 0
initial apicid	: 0
fpu		: yes
fpu_exception	: yes
cpuid level	: 13
wp		: yes
flags		: fpu vme de pse tsc msr pae mce cx8 apic sep mtrr pge mca cmov pat pse36 clflush mmx fxsr sse sse2 syscall nx rdtscp lm constant_tsc rep_good nopl xtopology nonstop_tsc pni pclmulqdq monitor ssse3 cx16 sse4_1 sse4_2 movbe popcnt aes xsave avx rdrand hypervisor lahf_lm abm
bugs		:
bogomips	: 4600.00
clflush size	: 64
cache_alignment	: 64
address sizes	: 39 bits physical, 48 bits virtual
power management:



Memory: 4k page, physical 2048456k(64820k free), swap 2095100k(1188k free)

vm_info: OpenJDK 64-Bit Server VM (25.91-b14) for linux-amd64 JRE (1.8.0_91-8u91-b14-3ubuntu1~16.04.1-b14), built on Jul 21 2016 04:13:34 by "buildd" with gcc 5.3.1 20160413

time: Tue Oct 11 00:43:27 2016
elapsed time: 16 seconds (0d 0h 0m 16s)

